#2.0#2022 01 20 01:07:53.527#Z#INFO#com.sap.cloud.lm.sl.xs2.65199e90-798d-11ec-a614-eeee0a9c7ed6.OPERATION.startEvent#
######org.cloudfoundry.multiapps.controller.persistence.services.ProcessLogger########http-nio-0.0.0.0-8080-exec-7###
[XS2StartProcessListener] Operation ID: 65199e90-798d-11ec-a614-eeee0a9c7ed6#

#2.0#2022 01 20 01:07:53.545#Z#DEBUG#com.sap.cloud.lm.sl.xs2.65199e90-798d-11ec-a614-eeee0a9c7ed6.OPERATION.startEvent#
######org.cloudfoundry.multiapps.controller.persistence.services.ProcessLogger########http-nio-0.0.0.0-8080-exec-7###
[XS2StartProcessListener] Process environment: {
  "PLATFORM" : "{\n  \"name\": \"CLOUD-FOUNDRY\",\n  \"module-types\": [\n    { \"name\": \"custom\" },\n    { \"name\": \"javascript.nodejs\" },\n    { \"name\": \"java\", \"parameters\": { \"buildpack\": \"sap_java_buildpack\" }},\n    { \"name\": \"java.tomcat\", \"parameters\": { \"buildpack\": \"sap_java_buildpack\" }, \"properties\": { \"TARGET_RUNTIME\": \"tomcat\" }},\n    { \"name\": \"java.tomee\",  \"parameters\": { \"buildpack\": \"sap_java_buildpack\" }, \"properties\": { \"TARGET_RUNTIME\": \"tomee\" }},\n    { \"name\": \"com.sap.xs.hdi-dynamic\", \"parameters\": { \"buildpack\": \"nodejs_buildpack\" }},\n    { \"name\": \"com.sap.xs.hdi\", \"parameters\": { \"no-route\": true, \"no-start\": true, \"memory\": \"256M\", \"tasks\": [{ \"name\": \"deploy\", \"memory\": \"256M\", \"command\": \"npm start\" }], \"dependency-type\": \"hard\" }, \"properties\" : { \"EXIT\": 1 }},\n    { \"name\": \"com.sap.xs.hdi-zdm\", \"parameters\": { \"zdm-mode\": true, \"no-route\": true, \"no-start\": true, \"memory\": \"256M\", \"tasks\": [{ \"name\": \"deploy\", \"memory\": \"256M\", \"command\": \"npm start\" }], \"dependency-type\": \"hard\" }, \"properties\" : { \"EXIT\": 1, \"HDI_DEPLOY_MODE\": \"ZDM\" }},\n    { \"name\": \"com.sap.portal.site-content\", \"parameters\": { \"no-route\": true, \"memory\": \"256M\", \"execute-app\": true, \"success-marker\": \"STDOUT:Deployment of site content to .* done.*\", \"failure-marker\": \"STDERR:Deployment of site content to .* failed.*\", \"stop-app\": true, \"check-deploy-id\": true, \"dependency-type\": \"hard\", \"health-check-type\": \"none\" }},\n    { \"name\": \"com.sap.portal.content\", \"parameters\": { \"no-route\": true, \"no-start\": true, \"memory\": \"256M\", \"tasks\": [{ \"name\": \"deploy\", \"memory\": \"256M\", \"command\": \"npm start\" }], \"dependency-type\": \"hard\" }, \"properties\" : { \"EXIT\": 1 }},\n    { \"name\": \"com.sap.xs.dwf\", \"parameters\": { \"no-route\": true, \"memory\": \"256M\", \"execute-app\": true, \"success-marker\": \"STDOUT:The deployment of DWF content to .* container finished successfully .*\", \"failure-marker\": \"STDERR:The deployment of DWF content to .* container failed .*\", \"stop-app\": true, \"check-deploy-id\": true, \"dependency-type\": \"hard\", \"health-check-type\": \"none\" }},\n    { \"name\": \"business-logging\", \"parameters\": { \"no-route\": true, \"memory\": \"256M\", \"execute-app\": true, \"success-marker\": \"STDOUT:Deployment of content deployer done.\", \"failure-marker\": \"STDERR:Deployment of content deployer failed.\", \"stop-app\": true, \"health-check-type\": \"none\" }},\n    { \"name\": \"com.sap.business-logging.content\", \"parameters\": { \"no-route\": true, \"no-start\": true, \"memory\": \"256M\", \"tasks\": [{ \"name\": \"deploy\", \"memory\": \"256M\", \"command\": \"npm start\" }], \"dependency-type\": \"hard\" }, \"properties\" : { \"EXIT\": 1 }},\n    { \"name\": \"com.sap.html5.application-content\", \"parameters\": { \"no-route\": true, \"memory\": \"256M\", \"execute-app\": true, \"success-marker\": \"STDOUT:Deployment of html5 application content done.*\", \"failure-marker\": \"STDERR:Deployment of html5 application content failed.*\", \"stop-app\": true, \"check-deploy-id\": true, \"dependency-type\": \"hard\", \"health-check-type\": \"none\" }}, \n    { \"name\": \"com.sap.html5.application.content\", \"parameters\": { \"no-route\": true, \"no-start\": true, \"memory\": \"256M\", \"tasks\": [{ \"name\": \"deploy\", \"memory\": \"256M\", \"command\": \"npm start\" }], \"dependency-type\": \"hard\" }, \"properties\" : { \"EXIT\": 1 }},\n    { \"name\": \"staticfile\", \"parameters\": { \"buildpack\": \"staticfile_buildpack\" }},\n    { \"name\": \"ruby\", \"parameters\": { \"buildpack\": \"ruby_buildpack\" }},\n    { \"name\": \"nodejs\", \"parameters\": { \"buildpack\": \"nodejs_buildpack\" }},\n    { \"name\": \"go\", \"parameters\": { \"buildpack\": \"go_buildpack\" }},\n    { \"name\": \"python\", \"parameters\": { \"buildpack\": \"python_buildpack\" }},\n    { \"name\": \"php\", \"parameters\": { \"buildpack\": \"php_buildpack\" }},\n    { \"name\": \"binary\", \"parameters\": { \"buildpack\": \"binary_buildpack\" }},\n    { \"name\": \"dotnet_core\", \"parameters\": { \"buildpack\": \"dotnet_core_buildpack\" }},\n    { \"name\": \"application\" },\n    { \"name\": \"com.sap.application.content\" },\n    { \"name\": \"com.sap.integration\" },\n    { \"name\": \"com.sap.api.management\" }\n  ],\n  \"resource-types\": [\n    { \"name\": \"com.sap.xs.hdi-container\", \"parameters\": { \"service\": \"hana\", \"service-plan\": \"hdi-shared\", \"type\": \"managed-service\" }},\n    { \"name\": \"com.sap.xs.hana-sbss\", \"parameters\": { \"service\": \"hana\", \"service-plan\": \"sbss\", \"type\": \"managed-service\" }},\n    { \"name\": \"com.sap.xs.hana-schema\", \"parameters\": { \"service\": \"hana\", \"service-plan\": \"schema\", \"type\": \"managed-service\" }},\n    { \"name\": \"com.sap.xs.hana-securestore\", \"parameters\": { \"service\": \"hana\", \"service-plan\": \"securestore\", \"type\": \"managed-service\" }},\n    { \"name\": \"com.sap.xs.managed-hdi-container\", \"parameters\": { \"service\": \"managed-hana\", \"service-plan\": \"hdi-shared\", \"type\": \"managed-service\" }},\n    { \"name\": \"com.sap.xs.managed-hana-schema\", \"parameters\": { \"service\": \"managed-hana\", \"service-plan\": \"schema\", \"type\": \"managed-service\" }},\n    { \"name\": \"com.sap.xs.managed-hana-securestore\", \"parameters\": { \"service\": \"managed-hana\", \"service-plan\": \"securestore\", \"type\": \"managed-service\" }},\n    { \"name\": \"com.sap.xs.job-scheduler\", \"parameters\": { \"service\": \"jobscheduler\", \"service-plan\": \"lite\", \"type\": \"managed-service\" }},\n    { \"name\": \"com.sap.xs.fs\", \"parameters\": { \"service\": \"fs-storage\", \"service-plan\": \"lite\", \"type\": \"managed-service\" }},\n    { \"name\": \"com.sap.xs.uaa\", \"parameters\": { \"service\": \"xsuaa\", \"service-plan\": \"application\", \"type\": \"managed-service\" }},\n    { \"name\": \"com.sap.xs.uaa-space\", \"parameters\": { \"service\": \"xsuaa\", \"service-plan\": \"application\", \"type\": \"managed-service\" }},\n    { \"name\": \"com.sap.xs.uaa-devuser\", \"parameters\": { \"service\": \"xsuaa\", \"service-plan\": \"application\", \"type\": \"managed-service\" }},\n    { \"name\": \"com.sap.xs.uaa-application\", \"parameters\": { \"service\": \"xsuaa\", \"service-plan\": \"application\", \"type\": \"managed-service\" }},\n    { \"name\": \"com.sap.xs.uaa-broker\", \"parameters\": { \"service\": \"xsuaa\", \"service-plan\": \"broker\", \"type\": \"managed-service\" }},\n    { \"name\": \"com.sap.xs.application-logs\", \"parameters\": { \"service\": \"application-logs\", \"service-plan\": \"lite\", \"skip-service-updates\": { \"parameters\": true, \"plan\": true }, \"type\": \"managed-service\" }},\n    { \"name\": \"com.sap.portal.site-host\", \"parameters\": { \"service\": \"portal-services\", \"service-plan\": \"site-host\", \"type\": \"managed-service\" }},\n    { \"name\": \"com.sap.portal.site-content\", \"parameters\": { \"service\": \"portal-services\", \"service-plan\": \"site-content\", \"type\": \"managed-service\" }},\n    { \"name\": \"com.sap.xs.dwf-edw-client\", \"parameters\": { \"service\": \"dwf\", \"service-plan\": \"edw-client\", \"type\": \"managed-service\"}},\n    { \"name\": \"com.sap.xs.auditlog\", \"parameters\": { \"service\": \"auditlog\", \"service-plan\": \"standard\", \"skip-service-updates\": { \"parameters\": true, \"plan\": true }, \"type\": \"managed-service\" }},\n    { \"name\": \"auditlog\", \"parameters\": { \"service\": \"auditlog\", \"service-plan\": \"standard\", \"skip-service-updates\": { \"parameters\": true, \"plan\": true }, \"type\": \"managed-service\" }},\n    { \"name\": \"org.mongodb\", \"parameters\": { \"service\": \"mongodb\", \"service-plan\": \"v3.0-dev\", \"type\": \"managed-service\" }},\n    { \"name\": \"mongodb\", \"parameters\": { \"service\": \"mongodb\", \"service-plan\": \"v3.0-dev\", \"type\": \"managed-service\" }},\n    { \"name\": \"org.postgresql\", \"parameters\": { \"service\": \"postgresql\", \"service-plan\": \"v9.4-dev\", \"type\": \"managed-service\" }},\n    { \"name\": \"postgresql\", \"parameters\": { \"service\": \"postgresql\", \"service-plan\": \"v9.4-dev\", \"type\": \"managed-service\" }},\n    { \"name\": \"com.rabbitmq\", \"parameters\": { \"service\": \"rabbitmq\", \"service-plan\": \"v3.6-dev\", \"type\": \"managed-service\" }},\n    { \"name\": \"rabbitmq\", \"parameters\": { \"service\": \"rabbitmq\", \"service-plan\": \"v3.6-dev\", \"type\": \"managed-service\" }},\n    { \"name\": \"io.redis\", \"parameters\": { \"service\": \"redis\", \"service-plan\": \"v3.0-dev\", \"type\": \"managed-service\" }},\n    { \"name\": \"redis\", \"parameters\": { \"service\": \"redis\", \"service-plan\": \"v3.0-dev\", \"type\": \"managed-service\" }},\n    { \"name\": \"com.influxdb\", \"parameters\": { \"service\": \"influxdb\", \"service-plan\": \"v0.13-container\", \"type\": \"managed-service\" }},\n    { \"name\": \"influxdb\", \"parameters\": { \"service\": \"influxdb\", \"service-plan\": \"v0.13-container\", \"type\": \"managed-service\" }},\n    { \"name\": \"org.cloudfoundry.user-provided-service\", \"parameters\": { \"type\": \"user-provided-service\" }},\n    { \"name\": \"org.cloudfoundry.managed-service\", \"parameters\": { \"type\": \"managed-service\" }},\n    { \"name\": \"org.cloudfoundry.existing-service\", \"parameters\": { \"type\": \"existing-service\" }},\n    { \"name\": \"org.cloudfoundry.existing-service-key\", \"parameters\": { \"type\": \"existing-service-key\" }},\n    { \"name\": \"mta-provided\", \"parameters\": { \"type\": \"mta-provides-dependency\" }},\n    { \"name\": \"configuration\", \"parameters\": { \"type\": \"configuration\" }},\n    { \"name\": \"autoscaler\", \"parameters\": { \"service\": \"autoscaler\", \"service-plan\": \"lite\", \"skip-service-updates\": { \"parameters\": true, \"plan\": true }, \"type\": \"managed-service\" }},\n    { \"name\": \"application-logs\", \"parameters\": { \"service\": \"application-logs\", \"service-plan\": \"lite\", \"skip-service-updates\": { \"parameters\": true, \"plan\": true }, \"type\": \"managed-service\" }},\n    { \"name\": \"connectivity\", \"parameters\": { \"service\": \"connectivity\", \"service-plan\": \"lite\", \"type\": \"managed-service\" }},\n    { \"name\": \"feature-flags\", \"parameters\": { \"service\": \"feature-flags\", \"service-plan\": \"lite\", \"type\": \"managed-service\" }},\n    { \"name\": \"metering\", \"parameters\": { \"service\": \"metering\", \"service-plan\": \"standard\", \"type\": \"managed-service\" }},\n    { \"name\": \"ml-foundation-services\", \"parameters\": { \"service\": \"ml-foundation-services\", \"service-plan\": \"lite\", \"type\": \"managed-service\" }},\n    { \"name\": \"objectstore\", \"parameters\": { \"service\": \"objectstore\", \"service-plan\": \"s3-standard\", \"type\": \"managed-service\" }},\n    { \"name\": \"destination\", \"parameters\": { \"service\": \"destination\", \"service-plan\": \"lite\", \"type\": \"managed-service\" }}\n  ]\n}\n",
  "SKIP_SSL_VALIDATION" : "false",
  "DB_TYPE" : "POSTGRESQL",
  "FLOWABLE_JOB_EXECUTOR_MAX_THREADS" : "32",
  "XS_TYPE" : "CF",
  "VERSION" : "1.133.1",
  "BASIC_AUTH_ENABLED" : "true",
  "FLOWABLE_JOB_EXECUTOR_QUEUE_CAPACITY" : "16",
  "GLOBAL_AUDITOR_USER" : "provisioned_user_xsa_deploy-serviceDSglobalAuditorUser",
  "FLOWABLE_JOB_EXECUTOR_CORE_THREADS" : "8"
}#

#2.0#2022 01 20 01:07:53.545#Z#DEBUG#com.sap.cloud.lm.sl.xs2.65199e90-798d-11ec-a614-eeee0a9c7ed6.OPERATION.startEvent#
######org.cloudfoundry.multiapps.controller.persistence.services.ProcessLogger########http-nio-0.0.0.0-8080-exec-7###
[XS2StartProcessListener] Current user: jose.ojeda.g1@gmail.com#

#2.0#2022 01 20 01:07:53.546#Z#DEBUG#com.sap.cloud.lm.sl.xs2.65199e90-798d-11ec-a614-eeee0a9c7ed6.OPERATION.startEvent#
######org.cloudfoundry.multiapps.controller.persistence.services.ProcessLogger########http-nio-0.0.0.0-8080-exec-7###
[XS2StartProcessListener] Client space: dev#

#2.0#2022 01 20 01:07:53.546#Z#DEBUG#com.sap.cloud.lm.sl.xs2.65199e90-798d-11ec-a614-eeee0a9c7ed6.OPERATION.startEvent#
######org.cloudfoundry.multiapps.controller.persistence.services.ProcessLogger########http-nio-0.0.0.0-8080-exec-7###
[XS2StartProcessListener] Client organization: bd1a1274trial#

#2.0#2022 01 20 01:07:53.546#Z#INFO#com.sap.cloud.lm.sl.xs2.65199e90-798d-11ec-a614-eeee0a9c7ed6.OPERATION.startEvent#
######org.cloudfoundry.multiapps.controller.persistence.services.ProcessLogger########http-nio-0.0.0.0-8080-exec-7###
[XS2StartProcessListener] Process variables: {
  "abortOnError" : false,
  "mtaId" : "Employees",
  "keepFiles" : false,
  "verifyArchiveSignature" : false,
  "noFailOnMissingPermissions" : false,
  "deleteServiceBrokers" : false,
  "appArchiveId" : "f885af14-a668-4bbe-b575-5c1e21568cff",
  "gitUri" : "",
  "deleteServiceKeys" : "********",
  "noRestartSubscribedApps" : false,
  "noStart" : false,
  "deleteServices" : false
}#

#2.0#2022 01 20 01:07:53.602#Z#DEBUG#com.sap.cloud.lm.sl.xs2.65199e90-798d-11ec-a614-eeee0a9c7ed6.OPERATION.validateParametersTask#
######org.cloudfoundry.multiapps.controller.persistence.services.ProcessLogger########flowable-async-job-executor-thread-6280###
[ValidateDeployParametersStep] Executing task "validateParametersTask" of process "65199eb0-798d-11ec-a614-eeee0a9c7ed6"...#

#2.0#2022 01 20 01:07:53.602#Z#DEBUG#com.sap.cloud.lm.sl.xs2.65199e90-798d-11ec-a614-eeee0a9c7ed6.OPERATION.validateParametersTask#
######org.cloudfoundry.multiapps.controller.persistence.services.ProcessLogger########flowable-async-job-executor-thread-6280###
[ValidateDeployParametersStep] Validating parameters...#

#2.0#2022 01 20 01:07:53.602#Z#INFO#com.sap.cloud.lm.sl.xs2.65199e90-798d-11ec-a614-eeee0a9c7ed6.OPERATION.validateParametersTask#
######org.cloudfoundry.multiapps.controller.persistence.services.ProcessLogger########flowable-async-job-executor-thread-6280###
[ValidateDeployParametersStep] Deploying in org "bd1a1274trial" and space "dev"#

#2.0#2022 01 20 01:07:53.608#Z#DEBUG#com.sap.cloud.lm.sl.xs2.65199e90-798d-11ec-a614-eeee0a9c7ed6.OPERATION.validateParametersTask#
######org.cloudfoundry.multiapps.controller.persistence.services.ProcessLogger########flowable-async-job-executor-thread-6280###
[ValidateDeployParametersStep] Parameters validated#

#2.0#2022 01 20 01:07:53.608#Z#DEBUG#com.sap.cloud.lm.sl.xs2.65199e90-798d-11ec-a614-eeee0a9c7ed6.OPERATION.validateParametersTask#
######org.cloudfoundry.multiapps.controller.persistence.services.ProcessLogger########flowable-async-job-executor-thread-6280###
Step "Validate Parameters" finished#

#2.0#2022 01 20 01:07:53.644#Z#DEBUG#com.sap.cloud.lm.sl.xs2.65199e90-798d-11ec-a614-eeee0a9c7ed6.OPERATION.deleteRemainingFileParts#
######org.cloudfoundry.multiapps.controller.persistence.services.ProcessLogger########flowable-async-job-executor-thread-6281###
[DeleteRemainingFileParts] Executing task "deleteRemainingFileParts" of process "65199eb0-798d-11ec-a614-eeee0a9c7ed6"...#

#2.0#2022 01 20 01:07:53.646#Z#DEBUG#com.sap.cloud.lm.sl.xs2.65199e90-798d-11ec-a614-eeee0a9c7ed6.OPERATION.deleteRemainingFileParts#
######org.cloudfoundry.multiapps.controller.persistence.services.ProcessLogger########flowable-async-job-executor-thread-6281###
Step "Delete Remaining File Parts" finished#

#2.0#2022 01 20 01:07:53.680#Z#DEBUG#com.sap.cloud.lm.sl.xs2.65199e90-798d-11ec-a614-eeee0a9c7ed6.OPERATION.processArchiveTask#
######org.cloudfoundry.multiapps.controller.persistence.services.ProcessLogger########flowable-async-job-executor-thread-6282###
[XS2ProcessMtaArchiveStep] Executing task "processArchiveTask" of process "65199eb0-798d-11ec-a614-eeee0a9c7ed6"...#

#2.0#2022 01 20 01:07:53.682#Z#DEBUG#com.sap.cloud.lm.sl.xs2.65199e90-798d-11ec-a614-eeee0a9c7ed6.OPERATION.processArchiveTask#
######org.cloudfoundry.multiapps.controller.persistence.services.ProcessLogger########flowable-async-job-executor-thread-6282###
[XS2ProcessMtaArchiveStep] Processing MTA archive...#

#2.0#2022 01 20 01:07:53.682#Z#DEBUG#com.sap.cloud.lm.sl.xs2.65199e90-798d-11ec-a614-eeee0a9c7ed6.OPERATION.processArchiveTask#
######org.cloudfoundry.multiapps.controller.persistence.services.ProcessLogger########flowable-async-job-executor-thread-6282###
[XS2ProcessMtaArchiveStep] MTA Archive ID: f885af14-a668-4bbe-b575-5c1e21568cff#

#2.0#2022 01 20 01:07:53.720#Z#DEBUG#com.sap.cloud.lm.sl.xs2.65199e90-798d-11ec-a614-eeee0a9c7ed6.OPERATION.processArchiveTask#
######org.cloudfoundry.multiapps.controller.persistence.services.ProcessLogger########flowable-async-job-executor-thread-6282###
[XS2ProcessMtaArchiveStep] MTA Archive Modules: [Employees-app-content]#

#2.0#2022 01 20 01:07:53.720#Z#DEBUG#com.sap.cloud.lm.sl.xs2.65199e90-798d-11ec-a614-eeee0a9c7ed6.OPERATION.processArchiveTask#
######org.cloudfoundry.multiapps.controller.persistence.services.ProcessLogger########flowable-async-job-executor-thread-6282###
[XS2ProcessMtaArchiveStep] MTA Archive Requires: []#

#2.0#2022 01 20 01:07:53.720#Z#DEBUG#com.sap.cloud.lm.sl.xs2.65199e90-798d-11ec-a614-eeee0a9c7ed6.OPERATION.processArchiveTask#
######org.cloudfoundry.multiapps.controller.persistence.services.ProcessLogger########flowable-async-job-executor-thread-6282###
[XS2ProcessMtaArchiveStep] MTA Archive Resources: []#

#2.0#2022 01 20 01:07:53.728#Z#DEBUG#com.sap.cloud.lm.sl.xs2.65199e90-798d-11ec-a614-eeee0a9c7ed6.OPERATION.processArchiveTask#
######org.cloudfoundry.multiapps.controller.persistence.services.ProcessLogger########flowable-async-job-executor-thread-6282###
[XS2ProcessMtaArchiveStep] MTA archive processed#

#2.0#2022 01 20 01:07:53.729#Z#DEBUG#com.sap.cloud.lm.sl.xs2.65199e90-798d-11ec-a614-eeee0a9c7ed6.OPERATION.processArchiveTask#
######org.cloudfoundry.multiapps.controller.persistence.services.ProcessLogger########flowable-async-job-executor-thread-6282###
Step "Process Archive" finished#

#2.0#2022 01 20 01:07:53.770#Z#DEBUG#com.sap.cloud.lm.sl.xs2.65199e90-798d-11ec-a614-eeee0a9c7ed6.OPERATION.processExtensionDescriptorsTask#
######org.cloudfoundry.multiapps.controller.persistence.services.ProcessLogger########flowable-async-job-executor-thread-6283###
[ProcessMtaExtensionDescriptorsStep] Executing task "processExtensionDescriptorsTask" of process "65199eb0-798d-11ec-a614-eeee0a9c7ed6"...#

#2.0#2022 01 20 01:07:53.771#Z#DEBUG#com.sap.cloud.lm.sl.xs2.65199e90-798d-11ec-a614-eeee0a9c7ed6.OPERATION.processExtensionDescriptorsTask#
######org.cloudfoundry.multiapps.controller.persistence.services.ProcessLogger########flowable-async-job-executor-thread-6283###
[ProcessMtaExtensionDescriptorsStep] Processing MTA extension descriptors...#

#2.0#2022 01 20 01:07:53.771#Z#DEBUG#com.sap.cloud.lm.sl.xs2.65199e90-798d-11ec-a614-eeee0a9c7ed6.OPERATION.processExtensionDescriptorsTask#
######org.cloudfoundry.multiapps.controller.persistence.services.ProcessLogger########flowable-async-job-executor-thread-6283###
[ProcessMtaExtensionDescriptorsStep] Extension descriptors: [ ]#

#2.0#2022 01 20 01:07:53.771#Z#DEBUG#com.sap.cloud.lm.sl.xs2.65199e90-798d-11ec-a614-eeee0a9c7ed6.OPERATION.processExtensionDescriptorsTask#
######org.cloudfoundry.multiapps.controller.persistence.services.ProcessLogger########flowable-async-job-executor-thread-6283###
[ProcessMtaExtensionDescriptorsStep] MTA extension descriptors processed#

#2.0#2022 01 20 01:07:53.773#Z#DEBUG#com.sap.cloud.lm.sl.xs2.65199e90-798d-11ec-a614-eeee0a9c7ed6.OPERATION.processExtensionDescriptorsTask#
######org.cloudfoundry.multiapps.controller.persistence.services.ProcessLogger########flowable-async-job-executor-thread-6283###
Step "Process Extension Descriptors" finished#

#2.0#2022 01 20 01:07:53.810#Z#DEBUG#com.sap.cloud.lm.sl.xs2.65199e90-798d-11ec-a614-eeee0a9c7ed6.OPERATION.detectSchemaVersionTask#
######org.cloudfoundry.multiapps.controller.persistence.services.ProcessLogger########flowable-async-job-executor-thread-6284###
[DetectMtaSchemaVersionStep] Executing task "detectSchemaVersionTask" of process "65199eb0-798d-11ec-a614-eeee0a9c7ed6"...#

#2.0#2022 01 20 01:07:53.811#Z#DEBUG#com.sap.cloud.lm.sl.xs2.65199e90-798d-11ec-a614-eeee0a9c7ed6.OPERATION.detectSchemaVersionTask#
######org.cloudfoundry.multiapps.controller.persistence.services.ProcessLogger########flowable-async-job-executor-thread-6284###
[DetectMtaSchemaVersionStep] Detecting MTA major schema version...#

#2.0#2022 01 20 01:07:53.812#Z#INFO#com.sap.cloud.lm.sl.xs2.65199e90-798d-11ec-a614-eeee0a9c7ed6.OPERATION.detectSchemaVersionTask#
######org.cloudfoundry.multiapps.controller.persistence.services.ProcessLogger########flowable-async-job-executor-thread-6284###
[DetectMtaSchemaVersionStep] Detected MTA schema version: "3"#

#2.0#2022 01 20 01:07:53.817#Z#DEBUG#com.sap.cloud.lm.sl.xs2.65199e90-798d-11ec-a614-eeee0a9c7ed6.OPERATION.detectSchemaVersionTask#
######org.cloudfoundry.multiapps.controller.persistence.services.ProcessLogger########flowable-async-job-executor-thread-6284###
Step "Detect Schema Version" finished#

#2.0#2022 01 20 01:07:53.852#Z#DEBUG#com.sap.cloud.lm.sl.xs2.65199e90-798d-11ec-a614-eeee0a9c7ed6.OPERATION.mergeDescriptorsTask#
######org.cloudfoundry.multiapps.controller.persistence.services.ProcessLogger########flowable-async-job-executor-thread-6285###
[MergeDescriptorsStep] Executing task "mergeDescriptorsTask" of process "65199eb0-798d-11ec-a614-eeee0a9c7ed6"...#

#2.0#2022 01 20 01:07:53.854#Z#DEBUG#com.sap.cloud.lm.sl.xs2.65199e90-798d-11ec-a614-eeee0a9c7ed6.OPERATION.mergeDescriptorsTask#
######org.cloudfoundry.multiapps.controller.persistence.services.ProcessLogger########flowable-async-job-executor-thread-6285###
[MergeDescriptorsStep] Validating and merging descriptors...#

#2.0#2022 01 20 01:07:53.855#Z#DEBUG#com.sap.cloud.lm.sl.xs2.65199e90-798d-11ec-a614-eeee0a9c7ed6.OPERATION.mergeDescriptorsTask#
######org.cloudfoundry.multiapps.controller.persistence.services.ProcessLogger########flowable-async-job-executor-thread-6285###
[MergeDescriptorsStep] Merged deployment descriptor: {
  "majorSchemaVersion" : 3,
  "schemaVersion" : "3.2.0",
  "id" : "Employees",
  "version" : "0.0.1",
  "modules" : [ {
    "majorSchemaVersion" : 3,
    "name" : "Employees-app-content",
    "type" : "com.sap.application.content",
    "path" : "Employees-app-content",
    "properties" : { },
    "parameters" : { },
    "requiredDependencies" : [ {
      "majorSchemaVersion" : 3,
      "name" : "Employees-repo-host",
      "properties" : { },
      "parameters" : {
        "content-target" : true
      },
      "propertiesMetadata" : {
        "metadata" : { }
      },
      "parametersMetadata" : {
        "metadata" : { }
      }
    } ],
    "providedDependencies" : [ {
      "majorSchemaVersion" : 3,
      "name" : "Employees-app-content",
      "isPublic" : false,
      "properties" : { },
      "parameters" : { },
      "propertiesMetadata" : {
        "metadata" : { }
      },
      "parametersMetadata" : {
        "metadata" : { }
      }
    } ],
    "propertiesMetadata" : {
      "metadata" : { }
    },
    "parametersMetadata" : {
      "metadata" : { }
    },
    "hooks" : [ ]
  } ],
  "resources" : [ {
    "majorSchemaVersion" : 3,
    "name" : "Employees-repo-host",
    "type" : "org.cloudfoundry.managed-service",
    "properties" : { },
    "parameters" : {
      "service-name" : "Employees-html5-srv",
      "service-plan" : "app-host",
      "type" : "managed-service",
      "service" : "html5-apps-repo"
    },
    "isActive" : true,
    "isOptional" : false,
    "propertiesMetadata" : {
      "metadata" : { }
    },
    "parametersMetadata" : {
      "metadata" : { }
    },
    "requiredDependencies" : [ ]
  }, {
    "majorSchemaVersion" : 3,
    "name" : "Employees-dest-srv",
    "type" : "org.cloudfoundry.managed-service",
    "properties" : { },
    "parameters" : {
      "service-name" : "Employees-dest-srv",
      "service-plan" : "lite",
      "type" : "managed-service",
      "config" : {
        "HTML5Runtime_enabled" : false,
        "init_data" : {
          "instance" : {
            "destinations" : [ {
              "Authentication" : "********",
              "Name" : "ui5",
              "ProxyType" : "Internet",
              "Type" : "HTTP",
              "URL" : "https://ui5.sap.com"
            } ],
            "existing_destinations_policy" : "update"
          }
        },
        "version" : "1.0.0"
      },
      "service" : "destination"
    },
    "isActive" : true,
    "isOptional" : false,
    "propertiesMetadata" : {
      "metadata" : { }
    },
    "parametersMetadata" : {
      "metadata" : { }
    },
    "requiredDependencies" : [ ]
  } ],
  "parameters" : {
    "deploy_mode" : "html5-repo"
  },
  "parametersMetadata" : {
    "metadata" : { }
  }
}#

#2.0#2022 01 20 01:07:53.856#Z#DEBUG#com.sap.cloud.lm.sl.xs2.65199e90-798d-11ec-a614-eeee0a9c7ed6.OPERATION.mergeDescriptorsTask#
######org.cloudfoundry.multiapps.controller.persistence.services.ProcessLogger########flowable-async-job-executor-thread-6285###
[MergeDescriptorsStep] Descriptors validated and merged#

#2.0#2022 01 20 01:07:53.857#Z#DEBUG#com.sap.cloud.lm.sl.xs2.65199e90-798d-11ec-a614-eeee0a9c7ed6.OPERATION.mergeDescriptorsTask#
######org.cloudfoundry.multiapps.controller.persistence.services.ProcessLogger########flowable-async-job-executor-thread-6285###
Step "Merge Descriptors" finished#

#2.0#2022 01 20 01:07:53.892#Z#DEBUG#com.sap.cloud.lm.sl.xs2.65199e90-798d-11ec-a614-eeee0a9c7ed6.OPERATION.detectDeployedMtaTask#
######org.cloudfoundry.multiapps.controller.persistence.services.ProcessLogger########flowable-async-job-executor-thread-6274###
[DetectDeployedMtaStep] Executing task "detectDeployedMtaTask" of process "65199eb0-798d-11ec-a614-eeee0a9c7ed6"...#

#2.0#2022 01 20 01:07:53.893#Z#DEBUG#com.sap.cloud.lm.sl.xs2.65199e90-798d-11ec-a614-eeee0a9c7ed6.OPERATION.detectDeployedMtaTask#
######org.cloudfoundry.multiapps.controller.persistence.services.ProcessLogger########flowable-async-job-executor-thread-6274###
[DetectDeployedMtaStep] Detecting deployed MTA...#

#2.0#2022 01 20 01:07:54.034#Z#DEBUG#com.sap.cloud.lm.sl.xs2.65199e90-798d-11ec-a614-eeee0a9c7ed6.OPERATION.detectDeployedMtaTask#
######org.cloudfoundry.multiapps.controller.persistence.services.ProcessLogger########flowable-async-job-executor-thread-6274###
[DetectDeployedMtaStep] Detecting MTA by id Employees and namespace null#

#2.0#2022 01 20 01:07:54.035#Z#DEBUG#com.sap.cloud.lm.sl.xs2.65199e90-798d-11ec-a614-eeee0a9c7ed6.OPERATION.detectDeployedMtaTask#
######org.cloudfoundry.multiapps.controller.persistence.services.ProcessLogger########flowable-async-job-executor-thread-6274###
[DetectDeployedMtaStep] Getting applications by metadata label selector "mta_id=eb626c94531ec554f93b2b78a77c8b1b,!mta_namespace"...#

#2.0#2022 01 20 01:07:54.106#Z#DEBUG#com.sap.cloud.lm.sl.xs2.65199e90-798d-11ec-a614-eeee0a9c7ed6.OPERATION.detectDeployedMtaTask#
######org.cloudfoundry.multiapps.controller.persistence.services.ProcessLogger########flowable-async-job-executor-thread-6274###
[DetectDeployedMtaStep] Getting service instances by metadata label selector "mta_id=eb626c94531ec554f93b2b78a77c8b1b,!mta_namespace"...#

#2.0#2022 01 20 01:07:54.876#Z#DEBUG#com.sap.cloud.lm.sl.xs2.65199e90-798d-11ec-a614-eeee0a9c7ed6.OPERATION.detectDeployedMtaTask#
######org.cloudfoundry.multiapps.controller.persistence.services.ProcessLogger########flowable-async-job-executor-thread-6274###
[DetectDeployedMtaStep] Deployed MTA: {
  "metadata" : {
    "id" : "Employees",
    "version" : "0.0.1"
  },
  "applications" : [ ],
  "services" : [ {
    "name" : "Employees-dest-srv",
    "metadata" : {
      "guid" : "6c8e2247-da35-462f-962c-0155ed941ee7",
      "createdAt" : [ 2022, 1, 20, 1, 3, 17 ],
      "updatedAt" : [ 2022, 1, 20, 1, 3, 17 ],
      "url" : "/v2/service_instances/6c8e2247-da35-462f-962c-0155ed941ee7"
    },
    "v3Metadata" : {
      "annotations" : {
        "mta_id" : "Employees",
        "mta_version" : "0.0.1",
        "mta_resource" : "{\"name\":\"Employees-dest-srv\"}"
      },
      "labels" : {
        "mta_id" : "eb626c94531ec554f93b2b78a77c8b1b"
      }
    },
    "label" : "destination",
    "plan" : "lite",
    "credentials" : "********",
    "tags" : [ ],
    "type" : "managed_service_instance",
    "lastOperation" : {
      "type" : "CREATE",
      "description" : "",
      "state" : "SUCCEEDED"
    },
    "resourceName" : "Employees-dest-srv"
  }, {
    "name" : "Employees-html5-srv",
    "metadata" : {
      "guid" : "97e601f8-547a-4ef9-9bf5-f8828123eaf3",
      "createdAt" : [ 2022, 1, 20, 1, 3, 17 ],
      "updatedAt" : [ 2022, 1, 20, 1, 3, 17 ],
      "url" : "/v2/service_instances/97e601f8-547a-4ef9-9bf5-f8828123eaf3"
    },
    "v3Metadata" : {
      "annotations" : {
        "mta_version" : "0.0.1",
        "mta_id" : "Employees",
        "mta_resource" : "{\"name\":\"Employees-repo-host\"}"
      },
      "labels" : {
        "mta_id" : "eb626c94531ec554f93b2b78a77c8b1b"
      }
    },
    "label" : "html5-apps-repo",
    "plan" : "app-host",
    "credentials" : "********",
    "tags" : [ ],
    "type" : "managed_service_instance",
    "lastOperation" : {
      "type" : "CREATE",
      "description" : "",
      "state" : "SUCCEEDED"
    },
    "resourceName" : "Employees-repo-host"
  } ]
}#

#2.0#2022 01 20 01:07:54.876#Z#INFO#com.sap.cloud.lm.sl.xs2.65199e90-798d-11ec-a614-eeee0a9c7ed6.OPERATION.detectDeployedMtaTask#
######org.cloudfoundry.multiapps.controller.persistence.services.ProcessLogger########flowable-async-job-executor-thread-6274###
[DetectDeployedMtaStep] Detected deployed MTA with namespace "null", ID "Employees" and version "0.0.1"#

#2.0#2022 01 20 01:07:54.884#Z#DEBUG#com.sap.cloud.lm.sl.xs2.65199e90-798d-11ec-a614-eeee0a9c7ed6.OPERATION.detectDeployedMtaTask#
######org.cloudfoundry.multiapps.controller.persistence.services.ProcessLogger########flowable-async-job-executor-thread-6274###
Step "Detect Deployed MTA" finished#

#2.0#2022 01 20 01:07:54.924#Z#DEBUG#com.sap.cloud.lm.sl.xs2.65199e90-798d-11ec-a614-eeee0a9c7ed6.OPERATION.collectSystemParametersTask#
######org.cloudfoundry.multiapps.controller.persistence.services.ProcessLogger########flowable-async-job-executor-thread-6279###
[CollectSystemParametersStep] Executing task "collectSystemParametersTask" of process "65199eb0-798d-11ec-a614-eeee0a9c7ed6"...#

#2.0#2022 01 20 01:07:54.925#Z#DEBUG#com.sap.cloud.lm.sl.xs2.65199e90-798d-11ec-a614-eeee0a9c7ed6.OPERATION.collectSystemParametersTask#
######org.cloudfoundry.multiapps.controller.persistence.services.ProcessLogger########flowable-async-job-executor-thread-6279###
[CollectSystemParametersStep] Collecting system parameters...#

#2.0#2022 01 20 01:07:54.925#Z#DEBUG#com.sap.cloud.lm.sl.xs2.65199e90-798d-11ec-a614-eeee0a9c7ed6.OPERATION.collectSystemParametersTask#
######org.cloudfoundry.multiapps.controller.persistence.services.ProcessLogger########flowable-async-job-executor-thread-6279###
[CollectSystemParametersStep] Getting default domain...#

#2.0#2022 01 20 01:07:54.982#Z#DEBUG#com.sap.cloud.lm.sl.xs2.65199e90-798d-11ec-a614-eeee0a9c7ed6.OPERATION.collectSystemParametersTask#
######org.cloudfoundry.multiapps.controller.persistence.services.ProcessLogger########flowable-async-job-executor-thread-6279###
[CollectSystemParametersStep] Default domain: cfapps.us10.hana.ondemand.com#

#2.0#2022 01 20 01:07:54.983#Z#DEBUG#com.sap.cloud.lm.sl.xs2.65199e90-798d-11ec-a614-eeee0a9c7ed6.OPERATION.collectSystemParametersTask#
######org.cloudfoundry.multiapps.controller.persistence.services.ProcessLogger########flowable-async-job-executor-thread-6279###
[CollectSystemParametersStep] Checking for overwriting read-only parameters for mta with id: "Employees"#

#2.0#2022 01 20 01:07:54.983#Z#DEBUG#com.sap.cloud.lm.sl.xs2.65199e90-798d-11ec-a614-eeee0a9c7ed6.OPERATION.collectSystemParametersTask#
######org.cloudfoundry.multiapps.controller.persistence.services.ProcessLogger########flowable-async-job-executor-thread-6279###
[CollectSystemParametersStep] No read-only parameters are overwritten#

#2.0#2022 01 20 01:07:55.009#Z#DEBUG#com.sap.cloud.lm.sl.xs2.65199e90-798d-11ec-a614-eeee0a9c7ed6.OPERATION.collectSystemParametersTask#
######org.cloudfoundry.multiapps.controller.persistence.services.ProcessLogger########flowable-async-job-executor-thread-6279###
[CollectSystemParametersStep] Descriptor with system parameters: {
  "majorSchemaVersion" : 3,
  "schemaVersion" : "3.2.0",
  "id" : "Employees",
  "version" : "0.0.1",
  "modules" : [ {
    "majorSchemaVersion" : 3,
    "name" : "Employees-app-content",
    "type" : "com.sap.application.content",
    "path" : "Employees-app-content",
    "properties" : { },
    "parameters" : {
      "default-url" : "${protocol}://${default-uri}",
      "default-app-name" : "Employees-app-content",
      "generated-password" : "********",
      "default-uri" : "${host}.${domain}",
      "default-instances" : 1,
      "instances" : "${default-instances}",
      "default-host" : "bd1a1274trial-dev-employees-app-content",
      "app-name" : "${default-app-name}",
      "protocol" : "https",
      "domain" : "${default-domain}",
      "host" : "${default-host}",
      "generated-user" : "********",
      "timestamp" : "20220120010755"
    },
    "requiredDependencies" : [ {
      "majorSchemaVersion" : 3,
      "name" : "Employees-repo-host",
      "properties" : { },
      "parameters" : {
        "content-target" : true
      },
      "propertiesMetadata" : {
        "metadata" : { }
      },
      "parametersMetadata" : {
        "metadata" : { }
      }
    } ],
    "providedDependencies" : [ {
      "majorSchemaVersion" : 3,
      "name" : "Employees-app-content",
      "isPublic" : false,
      "properties" : { },
      "parameters" : { },
      "propertiesMetadata" : {
        "metadata" : { }
      },
      "parametersMetadata" : {
        "metadata" : { }
      }
    } ],
    "propertiesMetadata" : {
      "metadata" : { }
    },
    "parametersMetadata" : {
      "metadata" : { }
    },
    "hooks" : [ ]
  } ],
  "resources" : [ {
    "majorSchemaVersion" : 3,
    "name" : "Employees-repo-host",
    "type" : "org.cloudfoundry.managed-service",
    "properties" : { },
    "parameters" : {
      "generated-password" : "********",
      "service-name" : "Employees-html5-srv",
      "service-plan" : "app-host",
      "service" : "html5-apps-repo",
      "generated-user" : "********",
      "default-xsappname" : "Employees-repo-host",
      "type" : "managed-service",
      "default-service-name" : "Employees-repo-host",
      "default-container-name" : "BD1A1274TRIAL_DEV_EMPLOYEES_REPO_HOST"
    },
    "isActive" : true,
    "isOptional" : false,
    "propertiesMetadata" : {
      "metadata" : { }
    },
    "parametersMetadata" : {
      "metadata" : { }
    },
    "requiredDependencies" : [ ]
  }, {
    "majorSchemaVersion" : 3,
    "name" : "Employees-dest-srv",
    "type" : "org.cloudfoundry.managed-service",
    "properties" : { },
    "parameters" : {
      "generated-password" : "********",
      "service-name" : "Employees-dest-srv",
      "service-plan" : "lite",
      "service" : "destination",
      "generated-user" : "********",
      "default-xsappname" : "Employees-dest-srv",
      "type" : "managed-service",
      "config" : {
        "HTML5Runtime_enabled" : false,
        "init_data" : {
          "instance" : {
            "destinations" : [ {
              "Authentication" : "********",
              "Name" : "ui5",
              "ProxyType" : "Internet",
              "Type" : "HTTP",
              "URL" : "https://ui5.sap.com"
            } ],
            "existing_destinations_policy" : "update"
          }
        },
        "version" : "1.0.0"
      },
      "default-service-name" : "Employees-dest-srv",
      "default-container-name" : "BD1A1274TRIAL_DEV_EMPLOYEES_DEST_SRV"
    },
    "isActive" : true,
    "isOptional" : false,
    "propertiesMetadata" : {
      "metadata" : { }
    },
    "parametersMetadata" : {
      "metadata" : { }
    },
    "requiredDependencies" : [ ]
  } ],
  "parameters" : {
    "deploy_mode" : "html5-repo",
    "authorization-url" : "********",
    "org-guid" : "a088e25e-22b5-4ee0-a4df-c9a15b58308e",
    "org" : "bd1a1274trial",
    "deploy-target" : "bd1a1274trial dev",
    "space" : "dev",
    "xs-api-url" : "https://api.cf.us10.hana.ondemand.com",
    "deploy-url" : "deploy-service.cfapps.us10.hana.ondemand.com",
    "xs-type" : "CF",
    "default-domain" : "cfapps.us10.hana.ondemand.com",
    "xs-auth-url" : "********",
    "space-guid" : "6febe5f8-e929-4b6b-8264-59d039fc32e8",
    "user" : "********",
    "controller-url" : "https://api.cf.us10.hana.ondemand.com"
  },
  "parametersMetadata" : {
    "metadata" : { }
  }
}#

#2.0#2022 01 20 01:07:55.011#Z#DEBUG#com.sap.cloud.lm.sl.xs2.65199e90-798d-11ec-a614-eeee0a9c7ed6.OPERATION.collectSystemParametersTask#
######org.cloudfoundry.multiapps.controller.persistence.services.ProcessLogger########flowable-async-job-executor-thread-6279###
[CollectSystemParametersStep] Version rule: SAME_HIGHER#

#2.0#2022 01 20 01:07:55.011#Z#INFO#com.sap.cloud.lm.sl.xs2.65199e90-798d-11ec-a614-eeee0a9c7ed6.OPERATION.collectSystemParametersTask#
######org.cloudfoundry.multiapps.controller.persistence.services.ProcessLogger########flowable-async-job-executor-thread-6279###
[CollectSystemParametersStep] Detected new MTA version: "0.0.1"#

#2.0#2022 01 20 01:07:55.017#Z#INFO#com.sap.cloud.lm.sl.xs2.65199e90-798d-11ec-a614-eeee0a9c7ed6.OPERATION.collectSystemParametersTask#
######org.cloudfoundry.multiapps.controller.persistence.services.ProcessLogger########flowable-async-job-executor-thread-6279###
[CollectSystemParametersStep] Deployed MTA version: "0.0.1"#

#2.0#2022 01 20 01:07:55.021#Z#DEBUG#com.sap.cloud.lm.sl.xs2.65199e90-798d-11ec-a614-eeee0a9c7ed6.OPERATION.collectSystemParametersTask#
######org.cloudfoundry.multiapps.controller.persistence.services.ProcessLogger########flowable-async-job-executor-thread-6279###
[CollectSystemParametersStep] MTA accepted for deployment#

#2.0#2022 01 20 01:07:55.021#Z#DEBUG#com.sap.cloud.lm.sl.xs2.65199e90-798d-11ec-a614-eeee0a9c7ed6.OPERATION.collectSystemParametersTask#
######org.cloudfoundry.multiapps.controller.persistence.services.ProcessLogger########flowable-async-job-executor-thread-6279###
[CollectSystemParametersStep] System parameters collected#

#2.0#2022 01 20 01:07:55.022#Z#DEBUG#com.sap.cloud.lm.sl.xs2.65199e90-798d-11ec-a614-eeee0a9c7ed6.OPERATION.collectSystemParametersTask#
######org.cloudfoundry.multiapps.controller.persistence.services.ProcessLogger########flowable-async-job-executor-thread-6279###
Step "Collect System Parameters" finished#

#2.0#2022 01 20 01:07:55.065#Z#DEBUG#com.sap.cloud.lm.sl.xs2.65199e90-798d-11ec-a614-eeee0a9c7ed6.OPERATION.processDescriptorTask#
######org.cloudfoundry.multiapps.controller.persistence.services.ProcessLogger########flowable-async-job-executor-thread-6280###
[ProcessDescriptorStep] Executing task "processDescriptorTask" of process "65199eb0-798d-11ec-a614-eeee0a9c7ed6"...#

#2.0#2022 01 20 01:07:55.066#Z#DEBUG#com.sap.cloud.lm.sl.xs2.65199e90-798d-11ec-a614-eeee0a9c7ed6.OPERATION.processDescriptorTask#
######org.cloudfoundry.multiapps.controller.persistence.services.ProcessLogger########flowable-async-job-executor-thread-6280###
[ProcessDescriptorStep] Resolving properties and parameters in merged descriptor...#

#2.0#2022 01 20 01:07:55.067#Z#DEBUG#com.sap.cloud.lm.sl.xs2.65199e90-798d-11ec-a614-eeee0a9c7ed6.OPERATION.processDescriptorTask#
######org.cloudfoundry.multiapps.controller.persistence.services.ProcessLogger########flowable-async-job-executor-thread-6280###
[ProcessDescriptorStep] Subscriptions: [ ]#

#2.0#2022 01 20 01:07:55.067#Z#DEBUG#com.sap.cloud.lm.sl.xs2.65199e90-798d-11ec-a614-eeee0a9c7ed6.OPERATION.processDescriptorTask#
######org.cloudfoundry.multiapps.controller.persistence.services.ProcessLogger########flowable-async-job-executor-thread-6280###
[ProcessDescriptorStep] MTA Modules: [Employees-app-content]#

#2.0#2022 01 20 01:07:55.068#Z#DEBUG#com.sap.cloud.lm.sl.xs2.65199e90-798d-11ec-a614-eeee0a9c7ed6.OPERATION.processDescriptorTask#
######org.cloudfoundry.multiapps.controller.persistence.services.ProcessLogger########flowable-async-job-executor-thread-6280###
[ProcessDescriptorStep] Resolved deployment descriptor: {
  "majorSchemaVersion" : 3,
  "schemaVersion" : "3.2.0",
  "id" : "Employees",
  "version" : "0.0.1",
  "modules" : [ {
    "majorSchemaVersion" : 3,
    "name" : "Employees-app-content",
    "type" : "com.sap.application.content",
    "path" : "Employees-app-content",
    "properties" : { },
    "parameters" : {
      "default-url" : "https://bd1a1274trial-dev-employees-app-content.cfapps.us10.hana.ondemand.com",
      "default-app-name" : "Employees-app-content",
      "generated-password" : "********",
      "default-uri" : "bd1a1274trial-dev-employees-app-content.cfapps.us10.hana.ondemand.com",
      "default-instances" : 1,
      "instances" : 1,
      "default-host" : "bd1a1274trial-dev-employees-app-content",
      "app-name" : "Employees-app-content",
      "protocol" : "https",
      "domain" : "cfapps.us10.hana.ondemand.com",
      "host" : "bd1a1274trial-dev-employees-app-content",
      "generated-user" : "********",
      "timestamp" : "20220120010755"
    },
    "requiredDependencies" : [ {
      "majorSchemaVersion" : 3,
      "name" : "Employees-repo-host",
      "properties" : { },
      "parameters" : {
        "content-target" : true
      },
      "propertiesMetadata" : {
        "metadata" : { }
      },
      "parametersMetadata" : {
        "metadata" : { }
      }
    } ],
    "providedDependencies" : [ {
      "majorSchemaVersion" : 3,
      "name" : "Employees-app-content",
      "isPublic" : false,
      "properties" : { },
      "parameters" : { },
      "propertiesMetadata" : {
        "metadata" : { }
      },
      "parametersMetadata" : {
        "metadata" : { }
      }
    } ],
    "propertiesMetadata" : {
      "metadata" : { }
    },
    "parametersMetadata" : {
      "metadata" : { }
    },
    "hooks" : [ ]
  } ],
  "resources" : [ {
    "majorSchemaVersion" : 3,
    "name" : "Employees-repo-host",
    "type" : "org.cloudfoundry.managed-service",
    "properties" : { },
    "parameters" : {
      "generated-password" : "********",
      "service-name" : "Employees-html5-srv",
      "service-plan" : "app-host",
      "service" : "html5-apps-repo",
      "generated-user" : "********",
      "default-xsappname" : "Employees-repo-host",
      "type" : "managed-service",
      "default-service-name" : "Employees-repo-host",
      "default-container-name" : "BD1A1274TRIAL_DEV_EMPLOYEES_REPO_HOST"
    },
    "isActive" : true,
    "isOptional" : false,
    "propertiesMetadata" : {
      "metadata" : { }
    },
    "parametersMetadata" : {
      "metadata" : { }
    },
    "requiredDependencies" : [ ]
  }, {
    "majorSchemaVersion" : 3,
    "name" : "Employees-dest-srv",
    "type" : "org.cloudfoundry.managed-service",
    "properties" : { },
    "parameters" : {
      "generated-password" : "********",
      "service-name" : "Employees-dest-srv",
      "service-plan" : "lite",
      "service" : "destination",
      "generated-user" : "********",
      "default-xsappname" : "Employees-dest-srv",
      "type" : "managed-service",
      "config" : {
        "HTML5Runtime_enabled" : false,
        "init_data" : {
          "instance" : {
            "destinations" : [ {
              "Authentication" : "********",
              "Name" : "ui5",
              "ProxyType" : "Internet",
              "Type" : "HTTP",
              "URL" : "https://ui5.sap.com"
            } ],
            "existing_destinations_policy" : "update"
          }
        },
        "version" : "1.0.0"
      },
      "default-service-name" : "Employees-dest-srv",
      "default-container-name" : "BD1A1274TRIAL_DEV_EMPLOYEES_DEST_SRV"
    },
    "isActive" : true,
    "isOptional" : false,
    "propertiesMetadata" : {
      "metadata" : { }
    },
    "parametersMetadata" : {
      "metadata" : { }
    },
    "requiredDependencies" : [ ]
  } ],
  "parameters" : {
    "deploy_mode" : "html5-repo",
    "authorization-url" : "********",
    "org-guid" : "a088e25e-22b5-4ee0-a4df-c9a15b58308e",
    "org" : "bd1a1274trial",
    "deploy-target" : "bd1a1274trial dev",
    "space" : "dev",
    "xs-api-url" : "https://api.cf.us10.hana.ondemand.com",
    "deploy-url" : "deploy-service.cfapps.us10.hana.ondemand.com",
    "xs-type" : "CF",
    "default-domain" : "cfapps.us10.hana.ondemand.com",
    "xs-auth-url" : "********",
    "space-guid" : "6febe5f8-e929-4b6b-8264-59d039fc32e8",
    "user" : "********",
    "controller-url" : "https://api.cf.us10.hana.ondemand.com"
  },
  "parametersMetadata" : {
    "metadata" : { }
  }
}#

#2.0#2022 01 20 01:07:55.068#Z#DEBUG#com.sap.cloud.lm.sl.xs2.65199e90-798d-11ec-a614-eeee0a9c7ed6.OPERATION.processDescriptorTask#
######org.cloudfoundry.multiapps.controller.persistence.services.ProcessLogger########flowable-async-job-executor-thread-6280###
[ProcessDescriptorStep] Merged descriptor properties and parameters resolved#

#2.0#2022 01 20 01:07:55.069#Z#DEBUG#com.sap.cloud.lm.sl.xs2.65199e90-798d-11ec-a614-eeee0a9c7ed6.OPERATION.processDescriptorTask#
######org.cloudfoundry.multiapps.controller.persistence.services.ProcessLogger########flowable-async-job-executor-thread-6280###
Step "Process Descriptor Step" finished#

#2.0#2022 01 20 01:07:55.109#Z#DEBUG#com.sap.cloud.lm.sl.xs2.65199e90-798d-11ec-a614-eeee0a9c7ed6.OPERATION.buildDeployModelTask#
######org.cloudfoundry.multiapps.controller.persistence.services.ProcessLogger########flowable-async-job-executor-thread-6281###
[BuildCloudDeployModelStep] Executing task "buildDeployModelTask" of process "65199eb0-798d-11ec-a614-eeee0a9c7ed6"...#

#2.0#2022 01 20 01:07:55.110#Z#DEBUG#com.sap.cloud.lm.sl.xs2.65199e90-798d-11ec-a614-eeee0a9c7ed6.OPERATION.buildDeployModelTask#
######org.cloudfoundry.multiapps.controller.persistence.services.ProcessLogger########flowable-async-job-executor-thread-6281###
[BuildCloudDeployModelStep] Building cloud deployment model...#

#2.0#2022 01 20 01:07:55.112#Z#DEBUG#com.sap.cloud.lm.sl.xs2.65199e90-798d-11ec-a614-eeee0a9c7ed6.OPERATION.buildDeployModelTask#
######org.cloudfoundry.multiapps.controller.persistence.services.ProcessLogger########flowable-async-job-executor-thread-6281###
[BuildCloudDeployModelStep] MTA archive modules: [Employees-app-content]#

#2.0#2022 01 20 01:07:55.112#Z#DEBUG#com.sap.cloud.lm.sl.xs2.65199e90-798d-11ec-a614-eeee0a9c7ed6.OPERATION.buildDeployModelTask#
######org.cloudfoundry.multiapps.controller.persistence.services.ProcessLogger########flowable-async-job-executor-thread-6281###
[BuildCloudDeployModelStep] Deployed modules: []#

#2.0#2022 01 20 01:07:55.113#Z#DEBUG#com.sap.cloud.lm.sl.xs2.65199e90-798d-11ec-a614-eeee0a9c7ed6.OPERATION.buildDeployModelTask#
######org.cloudfoundry.multiapps.controller.persistence.services.ProcessLogger########flowable-async-job-executor-thread-6281###
[BuildCloudDeployModelStep] MTA modules: [Employees-app-content]#

#2.0#2022 01 20 01:07:55.113#Z#DEBUG#com.sap.cloud.lm.sl.xs2.65199e90-798d-11ec-a614-eeee0a9c7ed6.OPERATION.buildDeployModelTask#
######org.cloudfoundry.multiapps.controller.persistence.services.ProcessLogger########flowable-async-job-executor-thread-6281###
[BuildCloudDeployModelStep] Service keys to create: {
  "Employees-dest-srv" : [ ],
  "Employees-repo-host" : [ ]
}#

#2.0#2022 01 20 01:07:55.114#Z#DEBUG#com.sap.cloud.lm.sl.xs2.65199e90-798d-11ec-a614-eeee0a9c7ed6.OPERATION.buildDeployModelTask#
######org.cloudfoundry.multiapps.controller.persistence.services.ProcessLogger########flowable-async-job-executor-thread-6281###
[BuildCloudDeployModelStep] Modules to deploy: [{
  "majorSchemaVersion" : 3,
  "name" : "Employees-app-content",
  "type" : "com.sap.application.content",
  "path" : "Employees-app-content",
  "properties" : { },
  "parameters" : {
    "default-url" : "https://bd1a1274trial-dev-employees-app-content.cfapps.us10.hana.ondemand.com",
    "default-app-name" : "Employees-app-content",
    "generated-password" : "********",
    "default-uri" : "bd1a1274trial-dev-employees-app-content.cfapps.us10.hana.ondemand.com",
    "default-instances" : 1,
    "instances" : 1,
    "default-host" : "bd1a1274trial-dev-employees-app-content",
    "app-name" : "Employees-app-content",
    "protocol" : "https",
    "dependency-type" : "soft",
    "domain" : "cfapps.us10.hana.ondemand.com",
    "host" : "bd1a1274trial-dev-employees-app-content",
    "generated-user" : "********",
    "timestamp" : "20220120010755"
  },
  "requiredDependencies" : [ {
    "majorSchemaVersion" : 3,
    "name" : "Employees-repo-host",
    "properties" : { },
    "parameters" : {
      "content-target" : true
    },
    "propertiesMetadata" : {
      "metadata" : { }
    },
    "parametersMetadata" : {
      "metadata" : { }
    }
  } ],
  "providedDependencies" : [ {
    "majorSchemaVersion" : 3,
    "name" : "Employees-app-content",
    "isPublic" : false,
    "properties" : { },
    "parameters" : { },
    "propertiesMetadata" : {
      "metadata" : { }
    },
    "parametersMetadata" : {
      "metadata" : { }
    }
  } ],
  "propertiesMetadata" : {
    "metadata" : { }
  },
  "parametersMetadata" : {
    "metadata" : { }
  },
  "hooks" : [ ]
}]#

#2.0#2022 01 20 01:07:55.114#Z#DEBUG#com.sap.cloud.lm.sl.xs2.65199e90-798d-11ec-a614-eeee0a9c7ed6.OPERATION.buildDeployModelTask#
######org.cloudfoundry.multiapps.controller.persistence.services.ProcessLogger########flowable-async-job-executor-thread-6281###
[BuildCloudDeployModelStep] Custom domains: []#

#2.0#2022 01 20 01:07:55.115#Z#DEBUG#com.sap.cloud.lm.sl.xs2.65199e90-798d-11ec-a614-eeee0a9c7ed6.OPERATION.buildDeployModelTask#
######org.cloudfoundry.multiapps.controller.persistence.services.ProcessLogger########flowable-async-job-executor-thread-6281###
[BuildCloudDeployModelStep] Services to create: [ {
  "isOptional" : false,
  "isManaged" : true,
  "name" : "Employees-html5-srv",
  "v3Metadata" : {
    "annotations" : {
      "mta_id" : "Employees",
      "mta_version" : "0.0.1",
      "mta_resource" : "{\"name\":\"Employees-repo-host\"}"
    },
    "labels" : {
      "mta_id" : "eb626c94531ec554f93b2b78a77c8b1b"
    }
  },
  "label" : "html5-apps-repo",
  "plan" : "app-host",
  "credentials" : "********",
  "tags" : [ ],
  "type" : "managed_service_instance",
  "resourceName" : "Employees-repo-host",
  "shouldSkipParametersUpdate" : false,
  "shouldSkipPlanUpdate" : false,
  "shouldSkipTagsUpdate" : false,
  "shouldSkipSyslogUrlUpdate" : false
}, {
  "isOptional" : false,
  "isManaged" : true,
  "name" : "Employees-dest-srv",
  "v3Metadata" : {
    "annotations" : {
      "mta_id" : "Employees",
      "mta_version" : "0.0.1",
      "mta_resource" : "{\"name\":\"Employees-dest-srv\"}"
    },
    "labels" : {
      "mta_id" : "eb626c94531ec554f93b2b78a77c8b1b"
    }
  },
  "label" : "destination",
  "plan" : "lite",
  "credentials" : "********",
  "tags" : [ ],
  "type" : "managed_service_instance",
  "resourceName" : "Employees-dest-srv",
  "shouldSkipParametersUpdate" : false,
  "shouldSkipPlanUpdate" : false,
  "shouldSkipTagsUpdate" : false,
  "shouldSkipSyslogUrlUpdate" : false
} ]#

#2.0#2022 01 20 01:07:55.115#Z#DEBUG#com.sap.cloud.lm.sl.xs2.65199e90-798d-11ec-a614-eeee0a9c7ed6.OPERATION.buildDeployModelTask#
######org.cloudfoundry.multiapps.controller.persistence.services.ProcessLogger########flowable-async-job-executor-thread-6281###
[BuildCloudDeployModelStep] Cloud deployment model built#

#2.0#2022 01 20 01:07:55.116#Z#DEBUG#com.sap.cloud.lm.sl.xs2.65199e90-798d-11ec-a614-eeee0a9c7ed6.OPERATION.buildDeployModelTask#
######org.cloudfoundry.multiapps.controller.persistence.services.ProcessLogger########flowable-async-job-executor-thread-6281###
Step "Build Deploy Model" finished#

#2.0#2022 01 20 01:07:55.169#Z#DEBUG#com.sap.cloud.lm.sl.xs2.65199e90-798d-11ec-a614-eeee0a9c7ed6.OPERATION.buildUndeployModelTask#
######org.cloudfoundry.multiapps.controller.persistence.services.ProcessLogger########flowable-async-job-executor-thread-6282###
[BuildCloudUndeployModelStep] Executing task "buildUndeployModelTask" of process "65199eb0-798d-11ec-a614-eeee0a9c7ed6"...#

#2.0#2022 01 20 01:07:55.170#Z#DEBUG#com.sap.cloud.lm.sl.xs2.65199e90-798d-11ec-a614-eeee0a9c7ed6.OPERATION.buildUndeployModelTask#
######org.cloudfoundry.multiapps.controller.persistence.services.ProcessLogger########flowable-async-job-executor-thread-6282###
[BuildCloudUndeployModelStep] Building cloud undeployment model...#

#2.0#2022 01 20 01:07:55.175#Z#DEBUG#com.sap.cloud.lm.sl.xs2.65199e90-798d-11ec-a614-eeee0a9c7ed6.OPERATION.buildUndeployModelTask#
######org.cloudfoundry.multiapps.controller.persistence.services.ProcessLogger########flowable-async-job-executor-thread-6282###
[BuildCloudUndeployModelStep] MTA modules: [Employees-app-content]#

#2.0#2022 01 20 01:07:55.175#Z#DEBUG#com.sap.cloud.lm.sl.xs2.65199e90-798d-11ec-a614-eeee0a9c7ed6.OPERATION.buildUndeployModelTask#
######org.cloudfoundry.multiapps.controller.persistence.services.ProcessLogger########flowable-async-job-executor-thread-6282###
[BuildCloudUndeployModelStep] Modules to undeploy: [ ]#

#2.0#2022 01 20 01:07:55.175#Z#DEBUG#com.sap.cloud.lm.sl.xs2.65199e90-798d-11ec-a614-eeee0a9c7ed6.OPERATION.buildUndeployModelTask#
######org.cloudfoundry.multiapps.controller.persistence.services.ProcessLogger########flowable-async-job-executor-thread-6282###
[BuildCloudUndeployModelStep] Modules that wont be changed: {0}#

#2.0#2022 01 20 01:07:55.176#Z#DEBUG#com.sap.cloud.lm.sl.xs2.65199e90-798d-11ec-a614-eeee0a9c7ed6.OPERATION.buildUndeployModelTask#
######org.cloudfoundry.multiapps.controller.persistence.services.ProcessLogger########flowable-async-job-executor-thread-6282###
[BuildCloudUndeployModelStep] Subscriptions to delete: [ ]#

#2.0#2022 01 20 01:07:55.177#Z#DEBUG#com.sap.cloud.lm.sl.xs2.65199e90-798d-11ec-a614-eeee0a9c7ed6.OPERATION.buildUndeployModelTask#
######org.cloudfoundry.multiapps.controller.persistence.services.ProcessLogger########flowable-async-job-executor-thread-6282###
[BuildCloudUndeployModelStep] Cloud services to delete: []#

#2.0#2022 01 20 01:07:55.178#Z#DEBUG#com.sap.cloud.lm.sl.xs2.65199e90-798d-11ec-a614-eeee0a9c7ed6.OPERATION.buildUndeployModelTask#
######org.cloudfoundry.multiapps.controller.persistence.services.ProcessLogger########flowable-async-job-executor-thread-6282###
[BuildCloudUndeployModelStep] Cloud applications to undeploy: [ ]#

#2.0#2022 01 20 01:07:55.178#Z#DEBUG#com.sap.cloud.lm.sl.xs2.65199e90-798d-11ec-a614-eeee0a9c7ed6.OPERATION.buildUndeployModelTask#
######org.cloudfoundry.multiapps.controller.persistence.services.ProcessLogger########flowable-async-job-executor-thread-6282###
[BuildCloudUndeployModelStep] Cloud undeployment model built#

#2.0#2022 01 20 01:07:55.179#Z#DEBUG#com.sap.cloud.lm.sl.xs2.65199e90-798d-11ec-a614-eeee0a9c7ed6.OPERATION.buildUndeployModelTask#
######org.cloudfoundry.multiapps.controller.persistence.services.ProcessLogger########flowable-async-job-executor-thread-6282###
Step "Build Undeploy Model" finished#

#2.0#2022 01 20 01:07:55.216#Z#DEBUG#com.sap.cloud.lm.sl.xs2.65199e90-798d-11ec-a614-eeee0a9c7ed6.OPERATION.addDomainsTask#
######org.cloudfoundry.multiapps.controller.persistence.services.ProcessLogger########flowable-async-job-executor-thread-6283###
[AddDomainsStep] Executing task "addDomainsTask" of process "65199eb0-798d-11ec-a614-eeee0a9c7ed6"...#

#2.0#2022 01 20 01:07:55.218#Z#DEBUG#com.sap.cloud.lm.sl.xs2.65199e90-798d-11ec-a614-eeee0a9c7ed6.OPERATION.addDomainsTask#
######org.cloudfoundry.multiapps.controller.persistence.services.ProcessLogger########flowable-async-job-executor-thread-6283###
[AddDomainsStep] Custom domains: []#

#2.0#2022 01 20 01:07:55.219#Z#DEBUG#com.sap.cloud.lm.sl.xs2.65199e90-798d-11ec-a614-eeee0a9c7ed6.OPERATION.addDomainsTask#
######org.cloudfoundry.multiapps.controller.persistence.services.ProcessLogger########flowable-async-job-executor-thread-6283###
Step "Add Domains" finished#

#2.0#2022 01 20 01:07:56.031#Z#DEBUG#com.sap.cloud.lm.sl.xs2.65199e90-798d-11ec-a614-eeee0a9c7ed6.OPERATION.CheckServiceOperationStateTask#
######org.cloudfoundry.multiapps.controller.persistence.services.ProcessLogger########flowable-async-job-executor-thread-6687###
[CheckServiceOperationStateStep] Executing task "CheckServiceOperationStateTask" of process "6692a998-798d-11ec-8c67-eeee0a93f025"...#

#2.0#2022 01 20 01:07:56.131#Z#DEBUG#com.sap.cloud.lm.sl.xs2.65199e90-798d-11ec-a614-eeee0a9c7ed6.OPERATION.CheckServiceOperationStateTask#
######org.cloudfoundry.multiapps.controller.persistence.services.ProcessLogger########flowable-async-job-executor-thread-6687###
[CheckServiceOperationStateStep] Getting service instance "Employees-html5-srv"...#

#2.0#2022 01 20 01:07:56.714#Z#DEBUG#com.sap.cloud.lm.sl.xs2.65199e90-798d-11ec-a614-eeee0a9c7ed6.OPERATION.CheckServiceOperationStateTask#
######org.cloudfoundry.multiapps.controller.persistence.services.ProcessLogger########flowable-async-job-executor-thread-6687###
Step "Check for service operations in Progress" finished#

#2.0#2022 01 20 01:07:55.298#Z#DEBUG#com.sap.cloud.lm.sl.xs2.65199e90-798d-11ec-a614-eeee0a9c7ed6.OPERATION.CheckServiceOperationStateTask#
######org.cloudfoundry.multiapps.controller.persistence.services.ProcessLogger########flowable-async-job-executor-thread-6274###
[CheckServiceOperationStateStep] Executing task "CheckServiceOperationStateTask" of process "66236d27-798d-11ec-a614-eeee0a9c7ed6"...#

#2.0#2022 01 20 01:07:55.299#Z#DEBUG#com.sap.cloud.lm.sl.xs2.65199e90-798d-11ec-a614-eeee0a9c7ed6.OPERATION.CheckServiceOperationStateTask#
######org.cloudfoundry.multiapps.controller.persistence.services.ProcessLogger########flowable-async-job-executor-thread-6274###
[CheckServiceOperationStateStep] Getting service instance "Employees-dest-srv"...#

#2.0#2022 01 20 01:07:57.345#Z#DEBUG#com.sap.cloud.lm.sl.xs2.65199e90-798d-11ec-a614-eeee0a9c7ed6.OPERATION.CheckServiceOperationStateTask#
######org.cloudfoundry.multiapps.controller.persistence.services.ProcessLogger########flowable-async-job-executor-thread-6274###
Step "Check for service operations in Progress" finished#

#2.0#2022 01 20 01:07:56.746#Z#DEBUG#com.sap.cloud.lm.sl.xs2.65199e90-798d-11ec-a614-eeee0a9c7ed6.OPERATION.DetermineServiceCreateUpdateActionsTask#
######org.cloudfoundry.multiapps.controller.persistence.services.ProcessLogger########flowable-async-job-executor-thread-6688###
[DetermineServiceCreateUpdateServiceActionsStep] Executing task "DetermineServiceCreateUpdateActionsTask" of process "6692a998-798d-11ec-8c67-eeee0a93f025"...#

#2.0#2022 01 20 01:07:56.747#Z#INFO#com.sap.cloud.lm.sl.xs2.65199e90-798d-11ec-a614-eeee0a9c7ed6.OPERATION.DetermineServiceCreateUpdateActionsTask#
######org.cloudfoundry.multiapps.controller.persistence.services.ProcessLogger########flowable-async-job-executor-thread-6688###
[DetermineServiceCreateUpdateServiceActionsStep] Processing service "Employees-html5-srv"...#

#2.0#2022 01 20 01:07:56.751#Z#DEBUG#com.sap.cloud.lm.sl.xs2.65199e90-798d-11ec-a614-eeee0a9c7ed6.OPERATION.DetermineServiceCreateUpdateActionsTask#
######org.cloudfoundry.multiapps.controller.persistence.services.ProcessLogger########flowable-async-job-executor-thread-6688###
[DetermineServiceCreateUpdateServiceActionsStep] Getting service instance "Employees-html5-srv"...#

#2.0#2022 01 20 01:07:57.321#Z#DEBUG#com.sap.cloud.lm.sl.xs2.65199e90-798d-11ec-a614-eeee0a9c7ed6.OPERATION.DetermineServiceCreateUpdateActionsTask#
######org.cloudfoundry.multiapps.controller.persistence.services.ProcessLogger########flowable-async-job-executor-thread-6688###
[DetermineServiceCreateUpdateServiceActionsStep] Existing service: {
  "name" : "Employees-html5-srv",
  "metadata" : {
    "guid" : "97e601f8-547a-4ef9-9bf5-f8828123eaf3",
    "createdAt" : [ 2022, 1, 20, 1, 3, 17 ],
    "updatedAt" : [ 2022, 1, 20, 1, 3, 17 ],
    "url" : "/v2/service_instances/97e601f8-547a-4ef9-9bf5-f8828123eaf3"
  },
  "v3Metadata" : {
    "annotations" : {
      "mta_version" : "0.0.1",
      "mta_id" : "Employees",
      "mta_resource" : "{\"name\":\"Employees-repo-host\"}"
    },
    "labels" : {
      "mta_id" : "eb626c94531ec554f93b2b78a77c8b1b"
    }
  },
  "label" : "html5-apps-repo",
  "plan" : "app-host",
  "credentials" : "********",
  "tags" : [ ],
  "type" : "managed_service_instance",
  "lastOperation" : {
    "type" : "CREATE",
    "description" : "",
    "state" : "SUCCEEDED"
  }
}#

#2.0#2022 01 20 01:07:57.321#Z#DEBUG#com.sap.cloud.lm.sl.xs2.65199e90-798d-11ec-a614-eeee0a9c7ed6.OPERATION.DetermineServiceCreateUpdateActionsTask#
######org.cloudfoundry.multiapps.controller.persistence.services.ProcessLogger########flowable-async-job-executor-thread-6688###
[DetermineServiceCreateUpdateServiceActionsStep] Getting parameters of service instance "97e601f8-547a-4ef9-9bf5-f8828123eaf3"...#

#2.0#2022 01 20 01:07:57.422#Z#WARN#com.sap.cloud.lm.sl.xs2.65199e90-798d-11ec-a614-eeee0a9c7ed6.OPERATION.DetermineServiceCreateUpdateActionsTask#
######org.cloudfoundry.multiapps.controller.persistence.services.ProcessLogger########flowable-async-job-executor-thread-6688###
[DetermineServiceCreateUpdateServiceActionsStep] Cannot retrieve service instance parameters of service "Employees-html5-srv"#

#2.0#2022 01 20 01:07:57.424#Z#DEBUG#com.sap.cloud.lm.sl.xs2.65199e90-798d-11ec-a614-eeee0a9c7ed6.OPERATION.DetermineServiceCreateUpdateActionsTask#
######org.cloudfoundry.multiapps.controller.persistence.services.ProcessLogger########flowable-async-job-executor-thread-6688###
Step "Determine update actions" finished#

#2.0#2022 01 20 01:07:57.383#Z#DEBUG#com.sap.cloud.lm.sl.xs2.65199e90-798d-11ec-a614-eeee0a9c7ed6.OPERATION.DetermineServiceCreateUpdateActionsTask#
######org.cloudfoundry.multiapps.controller.persistence.services.ProcessLogger########flowable-async-job-executor-thread-6279###
[DetermineServiceCreateUpdateServiceActionsStep] Executing task "DetermineServiceCreateUpdateActionsTask" of process "66236d27-798d-11ec-a614-eeee0a9c7ed6"...#

#2.0#2022 01 20 01:07:57.384#Z#INFO#com.sap.cloud.lm.sl.xs2.65199e90-798d-11ec-a614-eeee0a9c7ed6.OPERATION.DetermineServiceCreateUpdateActionsTask#
######org.cloudfoundry.multiapps.controller.persistence.services.ProcessLogger########flowable-async-job-executor-thread-6279###
[DetermineServiceCreateUpdateServiceActionsStep] Processing service "Employees-dest-srv"...#

#2.0#2022 01 20 01:07:57.389#Z#DEBUG#com.sap.cloud.lm.sl.xs2.65199e90-798d-11ec-a614-eeee0a9c7ed6.OPERATION.DetermineServiceCreateUpdateActionsTask#
######org.cloudfoundry.multiapps.controller.persistence.services.ProcessLogger########flowable-async-job-executor-thread-6279###
[DetermineServiceCreateUpdateServiceActionsStep] Getting service instance "Employees-dest-srv"...#

#2.0#2022 01 20 01:07:58.107#Z#DEBUG#com.sap.cloud.lm.sl.xs2.65199e90-798d-11ec-a614-eeee0a9c7ed6.OPERATION.DetermineServiceCreateUpdateActionsTask#
######org.cloudfoundry.multiapps.controller.persistence.services.ProcessLogger########flowable-async-job-executor-thread-6279###
[DetermineServiceCreateUpdateServiceActionsStep] Existing service: {
  "name" : "Employees-dest-srv",
  "metadata" : {
    "guid" : "6c8e2247-da35-462f-962c-0155ed941ee7",
    "createdAt" : [ 2022, 1, 20, 1, 3, 17 ],
    "updatedAt" : [ 2022, 1, 20, 1, 3, 17 ],
    "url" : "/v2/service_instances/6c8e2247-da35-462f-962c-0155ed941ee7"
  },
  "v3Metadata" : {
    "annotations" : {
      "mta_id" : "Employees",
      "mta_version" : "0.0.1",
      "mta_resource" : "{\"name\":\"Employees-dest-srv\"}"
    },
    "labels" : {
      "mta_id" : "eb626c94531ec554f93b2b78a77c8b1b"
    }
  },
  "label" : "destination",
  "plan" : "lite",
  "credentials" : "********",
  "tags" : [ ],
  "type" : "managed_service_instance",
  "lastOperation" : {
    "type" : "CREATE",
    "description" : "",
    "state" : "SUCCEEDED"
  }
}#

#2.0#2022 01 20 01:07:58.108#Z#DEBUG#com.sap.cloud.lm.sl.xs2.65199e90-798d-11ec-a614-eeee0a9c7ed6.OPERATION.DetermineServiceCreateUpdateActionsTask#
######org.cloudfoundry.multiapps.controller.persistence.services.ProcessLogger########flowable-async-job-executor-thread-6279###
[DetermineServiceCreateUpdateServiceActionsStep] Getting parameters of service instance "6c8e2247-da35-462f-962c-0155ed941ee7"...#

#2.0#2022 01 20 01:07:58.209#Z#WARN#com.sap.cloud.lm.sl.xs2.65199e90-798d-11ec-a614-eeee0a9c7ed6.OPERATION.DetermineServiceCreateUpdateActionsTask#
######org.cloudfoundry.multiapps.controller.persistence.services.ProcessLogger########flowable-async-job-executor-thread-6279###
[DetermineServiceCreateUpdateServiceActionsStep] Cannot retrieve service instance parameters of service "Employees-dest-srv"#

#2.0#2022 01 20 01:07:58.209#Z#DEBUG#com.sap.cloud.lm.sl.xs2.65199e90-798d-11ec-a614-eeee0a9c7ed6.OPERATION.DetermineServiceCreateUpdateActionsTask#
######org.cloudfoundry.multiapps.controller.persistence.services.ProcessLogger########flowable-async-job-executor-thread-6279###
[DetermineServiceCreateUpdateServiceActionsStep] Service parameters should be updated#

#2.0#2022 01 20 01:07:58.209#Z#DEBUG#com.sap.cloud.lm.sl.xs2.65199e90-798d-11ec-a614-eeee0a9c7ed6.OPERATION.DetermineServiceCreateUpdateActionsTask#
######org.cloudfoundry.multiapps.controller.persistence.services.ProcessLogger########flowable-async-job-executor-thread-6279###
[DetermineServiceCreateUpdateServiceActionsStep] New parameters: {
  "HTML5Runtime_enabled" : false,
  "init_data" : {
    "instance" : {
      "destinations" : [ {
        "Authentication" : "********",
        "Name" : "ui5",
        "ProxyType" : "Internet",
        "Type" : "HTTP",
        "URL" : "https://ui5.sap.com"
      } ],
      "existing_destinations_policy" : "update"
    }
  },
  "version" : "1.0.0"
}#

#2.0#2022 01 20 01:07:58.211#Z#DEBUG#com.sap.cloud.lm.sl.xs2.65199e90-798d-11ec-a614-eeee0a9c7ed6.OPERATION.DetermineServiceCreateUpdateActionsTask#
######org.cloudfoundry.multiapps.controller.persistence.services.ProcessLogger########flowable-async-job-executor-thread-6279###
Step "Determine update actions" finished#

#2.0#2022 01 20 01:07:58.253#Z#DEBUG#com.sap.cloud.lm.sl.xs2.65199e90-798d-11ec-a614-eeee0a9c7ed6.OPERATION.UpdateServiceParametersTask#
######org.cloudfoundry.multiapps.controller.persistence.services.ProcessLogger########flowable-async-job-executor-thread-6280###
[UpdateServiceParametersStep] Executing task "UpdateServiceParametersTask" of process "66236d27-798d-11ec-a614-eeee0a9c7ed6"...#

#2.0#2022 01 20 01:07:58.255#Z#INFO#com.sap.cloud.lm.sl.xs2.65199e90-798d-11ec-a614-eeee0a9c7ed6.OPERATION.UpdateServiceParametersTask#
######org.cloudfoundry.multiapps.controller.persistence.services.ProcessLogger########flowable-async-job-executor-thread-6280###
[UpdateServiceParametersStep] Updating service "Employees-dest-srv"...#

#2.0#2022 01 20 01:07:58.260#Z#DEBUG#com.sap.cloud.lm.sl.xs2.65199e90-798d-11ec-a614-eeee0a9c7ed6.OPERATION.UpdateServiceParametersTask#
######org.cloudfoundry.multiapps.controller.persistence.services.ProcessLogger########flowable-async-job-executor-thread-6280###
[UpdateServiceParametersStep] Updating service parameters for service "Employees-dest-srv"...#

#2.0#2022 01 20 01:08:00.424#Z#DEBUG#com.sap.cloud.lm.sl.xs2.65199e90-798d-11ec-a614-eeee0a9c7ed6.OPERATION.UpdateServiceParametersTask#
######org.cloudfoundry.multiapps.controller.persistence.services.ProcessLogger########flowable-async-job-executor-thread-6280###
[UpdateServiceParametersStep] Service "Employees-dest-srv" updated#

#2.0#2022 01 20 01:08:00.424#Z#DEBUG#com.sap.cloud.lm.sl.xs2.65199e90-798d-11ec-a614-eeee0a9c7ed6.OPERATION.UpdateServiceParametersTask#
######org.cloudfoundry.multiapps.controller.persistence.services.ProcessLogger########flowable-async-job-executor-thread-6280###
[UpdateServiceParametersStep] Triggered service operations: {
  "Employees-dest-srv" : "UPDATE"
}#

#2.0#2022 01 20 01:08:00.427#Z#DEBUG#com.sap.cloud.lm.sl.xs2.65199e90-798d-11ec-a614-eeee0a9c7ed6.OPERATION.UpdateServiceParametersTask#
######org.cloudfoundry.multiapps.controller.persistence.services.ProcessLogger########flowable-async-job-executor-thread-6280###
Step "Update parameters" finished#

#2.0#2022 01 20 01:08:09.666#Z#DEBUG#com.sap.cloud.lm.sl.xs2.65199e90-798d-11ec-a614-eeee0a9c7ed6.OPERATION.UpdateServiceParametersTask#
######org.cloudfoundry.multiapps.controller.persistence.services.ProcessLogger########flowable-async-job-executor-thread-6288###
[UpdateServiceParametersStep] Executing task "UpdateServiceParametersTask" of process "66236d27-798d-11ec-a614-eeee0a9c7ed6"...#

#2.0#2022 01 20 01:08:09.667#Z#DEBUG#com.sap.cloud.lm.sl.xs2.65199e90-798d-11ec-a614-eeee0a9c7ed6.OPERATION.UpdateServiceParametersTask#
######org.cloudfoundry.multiapps.controller.persistence.services.ProcessLogger########flowable-async-job-executor-thread-6288###
[UpdateServiceParametersStep] Polling service operations...#

#2.0#2022 01 20 01:08:09.669#Z#DEBUG#com.sap.cloud.lm.sl.xs2.65199e90-798d-11ec-a614-eeee0a9c7ed6.OPERATION.UpdateServiceParametersTask#
######org.cloudfoundry.multiapps.controller.persistence.services.ProcessLogger########flowable-async-job-executor-thread-6288###
[UpdateServiceParametersStep] Getting service instance "Employees-dest-srv"...#

#2.0#2022 01 20 01:08:10.256#Z#DEBUG#com.sap.cloud.lm.sl.xs2.65199e90-798d-11ec-a614-eeee0a9c7ed6.OPERATION.UpdateServiceParametersTask#
######org.cloudfoundry.multiapps.controller.persistence.services.ProcessLogger########flowable-async-job-executor-thread-6288###
[UpdateServiceParametersStep] Last operation for service "Employees-dest-srv": {
  "type" : "UPDATE",
  "description" : "",
  "state" : "SUCCEEDED"
}#

#2.0#2022 01 20 01:08:10.256#Z#DEBUG#com.sap.cloud.lm.sl.xs2.65199e90-798d-11ec-a614-eeee0a9c7ed6.OPERATION.UpdateServiceParametersTask#
######org.cloudfoundry.multiapps.controller.persistence.services.ProcessLogger########flowable-async-job-executor-thread-6288###
[UpdateServiceParametersStep] Service "Employees-dest-srv" updated#

#2.0#2022 01 20 01:08:10.256#Z#INFO#com.sap.cloud.lm.sl.xs2.65199e90-798d-11ec-a614-eeee0a9c7ed6.OPERATION.UpdateServiceParametersTask#
######org.cloudfoundry.multiapps.controller.persistence.services.ProcessLogger########flowable-async-job-executor-thread-6288###
[UpdateServiceParametersStep] 1 of 1 done#

#2.0#2022 01 20 01:08:10.262#Z#DEBUG#com.sap.cloud.lm.sl.xs2.65199e90-798d-11ec-a614-eeee0a9c7ed6.OPERATION.UpdateServiceParametersTask#
######org.cloudfoundry.multiapps.controller.persistence.services.ProcessLogger########flowable-async-job-executor-thread-6288###
[UpdateServiceParametersStep] Remaining services to poll: [ ]#

#2.0#2022 01 20 01:08:10.264#Z#DEBUG#com.sap.cloud.lm.sl.xs2.65199e90-798d-11ec-a614-eeee0a9c7ed6.OPERATION.UpdateServiceParametersTask#
######org.cloudfoundry.multiapps.controller.persistence.services.ProcessLogger########flowable-async-job-executor-thread-6288###
Step "Update parameters" finished#

#2.0#2022 01 20 01:08:10.402#Z#DEBUG#com.sap.cloud.lm.sl.xs2.65199e90-798d-11ec-a614-eeee0a9c7ed6.OPERATION.prepareModulesDeploymentTask#
######org.cloudfoundry.multiapps.controller.persistence.services.ProcessLogger########flowable-async-job-executor-thread-6290###
[PrepareModulesDeploymentStep] Executing task "prepareModulesDeploymentTask" of process "6f207408-798d-11ec-a614-eeee0a9c7ed6"...#

#2.0#2022 01 20 01:08:10.403#Z#DEBUG#com.sap.cloud.lm.sl.xs2.65199e90-798d-11ec-a614-eeee0a9c7ed6.OPERATION.prepareModulesDeploymentTask#
######org.cloudfoundry.multiapps.controller.persistence.services.ProcessLogger########flowable-async-job-executor-thread-6290###
[PrepareModulesDeploymentStep] Preparing modules deployment...#

#2.0#2022 01 20 01:08:10.408#Z#DEBUG#com.sap.cloud.lm.sl.xs2.65199e90-798d-11ec-a614-eeee0a9c7ed6.OPERATION.prepareModulesDeploymentTask#
######org.cloudfoundry.multiapps.controller.persistence.services.ProcessLogger########flowable-async-job-executor-thread-6290###
Step "Prepare Modules Deployment" finished#

#2.0#2022 01 20 01:08:10.523#Z#DEBUG#com.sap.cloud.lm.sl.xs2.65199e90-798d-11ec-a614-eeee0a9c7ed6.OPERATION.buildContentDeploymentConfigurationTask#
######org.cloudfoundry.multiapps.controller.persistence.services.ProcessLogger########flowable-async-job-executor-thread-6292###
[BuildContentDeploymentConfigurationStep] Executing task "buildContentDeploymentConfigurationTask" of process "6f336054-798d-11ec-a614-eeee0a9c7ed6"...#

#2.0#2022 01 20 01:08:10.525#Z#DEBUG#com.sap.cloud.lm.sl.xs2.65199e90-798d-11ec-a614-eeee0a9c7ed6.OPERATION.buildContentDeploymentConfigurationTask#
######org.cloudfoundry.multiapps.controller.persistence.services.ProcessLogger########flowable-async-job-executor-thread-6292###
[BuildContentDeploymentConfigurationStep] Getting service keys for service instance "Employees-html5-srv"...#

#2.0#2022 01 20 01:08:11.214#Z#INFO#com.sap.cloud.lm.sl.xs2.65199e90-798d-11ec-a614-eeee0a9c7ed6.OPERATION.buildContentDeploymentConfigurationTask#
######org.cloudfoundry.multiapps.controller.persistence.services.ProcessLogger########flowable-async-job-executor-thread-6292###
[BuildContentDeploymentConfigurationStep] Service key "Employees-app-content-Employees-repo-host-credentials" for service "Employees-html5-srv" already exists#

#2.0#2022 01 20 01:08:11.221#Z#DEBUG#com.sap.cloud.lm.sl.xs2.65199e90-798d-11ec-a614-eeee0a9c7ed6.OPERATION.buildContentDeploymentConfigurationTask#
######org.cloudfoundry.multiapps.controller.persistence.services.ProcessLogger########flowable-async-job-executor-thread-6292###
Step "Build Content Deployment Configuration" finished#

#2.0#2022 01 20 01:08:11.234#Z#DEBUG#com.sap.cloud.lm.sl.xs2.65199e90-798d-11ec-a614-eeee0a9c7ed6.OPERATION.createContentDeployClientConfigurationTask#
######org.cloudfoundry.multiapps.controller.persistence.services.ProcessLogger########flowable-async-job-executor-thread-6292###
[CreateContentDeployClientConfigurationStep] Executing task "createContentDeployClientConfigurationTask" of process "6fa77dfa-798d-11ec-a614-eeee0a9c7ed6"...#

#2.0#2022 01 20 01:08:11.235#Z#DEBUG#com.sap.cloud.lm.sl.xs2.65199e90-798d-11ec-a614-eeee0a9c7ed6.OPERATION.createContentDeployClientConfigurationTask#
######org.cloudfoundry.multiapps.controller.persistence.services.ProcessLogger########flowable-async-job-executor-thread-6292###
[CreateContentDeployClientConfigurationStep] Content deployer client configuration: {
  "contentDeployerUrl" : "https://html5-apps-repo-dt.cfapps.us10.hana.ondemand.com",
  "uaaClientConfiguration" : {
    "url" : "********",
    "credentials" : "********"
  },
  "httpRequestHeaders" : {
    "X-CorrelationID" : "65199e90-798d-11ec-a614-eeee0a9c7ed6"
  }
}#

#2.0#2022 01 20 01:08:11.410#Z#DEBUG#com.sap.cloud.lm.sl.xs2.65199e90-798d-11ec-a614-eeee0a9c7ed6.OPERATION.createContentDeployClientConfigurationTask#
######org.cloudfoundry.multiapps.controller.persistence.services.ProcessLogger########flowable-async-job-executor-thread-6292###
Step "Create Content Deploy Client Configuration" finished#

#2.0#2022 01 20 01:08:11.418#Z#DEBUG#com.sap.cloud.lm.sl.xs2.65199e90-798d-11ec-a614-eeee0a9c7ed6.OPERATION.getContentFromDeploymentDescriptorTask#
######org.cloudfoundry.multiapps.controller.persistence.services.ProcessLogger########flowable-async-job-executor-thread-6292###
[GetContentFromDeploymentDescriptorStep] Executing task "getContentFromDeploymentDescriptorTask" of process "6fa77dfa-798d-11ec-a614-eeee0a9c7ed6"...#

#2.0#2022 01 20 01:08:11.419#Z#DEBUG#com.sap.cloud.lm.sl.xs2.65199e90-798d-11ec-a614-eeee0a9c7ed6.OPERATION.getContentFromDeploymentDescriptorTask#
######org.cloudfoundry.multiapps.controller.persistence.services.ProcessLogger########flowable-async-job-executor-thread-6292###
Step "Get Content From Deployment Descriptor" finished#

#2.0#2022 01 20 01:08:11.428#Z#DEBUG#com.sap.cloud.lm.sl.xs2.65199e90-798d-11ec-a614-eeee0a9c7ed6.OPERATION.uploadContentTask#
######org.cloudfoundry.multiapps.controller.persistence.services.ProcessLogger########flowable-async-job-executor-thread-6292###
[UploadContentStep] Executing task "uploadContentTask" of process "6fa77dfa-798d-11ec-a614-eeee0a9c7ed6"...#

#2.0#2022 01 20 01:08:11.429#Z#INFO#com.sap.cloud.lm.sl.xs2.65199e90-798d-11ec-a614-eeee0a9c7ed6.OPERATION.uploadContentTask#
######org.cloudfoundry.multiapps.controller.persistence.services.ProcessLogger########flowable-async-job-executor-thread-6292###
[UploadContentStep] Uploading content module "Employees-app-content" in target service "Employees-repo-host"...#

#2.0#2022 01 20 01:08:11.434#Z#DEBUG#com.sap.cloud.lm.sl.xs2.65199e90-798d-11ec-a614-eeee0a9c7ed6.OPERATION.uploadContentTask#
######org.cloudfoundry.multiapps.controller.persistence.services.ProcessLogger########flowable-async-job-executor-thread-6292###
[UploadContentStep] Uploading file "Employees-app-content/resources/data.zip" for content module "Employees-app-content" in service "Employees-repo-host"#

#2.0#2022 01 20 01:08:12.216#Z#DEBUG#com.sap.cloud.lm.sl.xs2.65199e90-798d-11ec-a614-eeee0a9c7ed6.OPERATION.uploadContentTask#
######org.cloudfoundry.multiapps.controller.persistence.services.ProcessLogger########flowable-async-job-executor-thread-6292###
[UploadContentStep] Uploaded content: {
  "id" : "82d1f7b1-371c-4e2e-bac8-e0ab27107ccd",
  "name" : "content.zip",
  "contentType" : "FILE"
}#

#2.0#2022 01 20 01:08:12.219#Z#DEBUG#com.sap.cloud.lm.sl.xs2.65199e90-798d-11ec-a614-eeee0a9c7ed6.OPERATION.uploadContentTask#
######org.cloudfoundry.multiapps.controller.persistence.services.ProcessLogger########flowable-async-job-executor-thread-6292###
Step "Upload Content" finished#

#2.0#2022 01 20 01:08:12.227#Z#DEBUG#com.sap.cloud.lm.sl.xs2.65199e90-798d-11ec-a614-eeee0a9c7ed6.OPERATION.startContentDeployTask#
######org.cloudfoundry.multiapps.controller.persistence.services.ProcessLogger########flowable-async-job-executor-thread-6292###
[StartContentDeployStep] Executing task "startContentDeployTask" of process "6fa77dfa-798d-11ec-a614-eeee0a9c7ed6"...#

#2.0#2022 01 20 01:08:12.227#Z#INFO#com.sap.cloud.lm.sl.xs2.65199e90-798d-11ec-a614-eeee0a9c7ed6.OPERATION.startContentDeployTask#
######org.cloudfoundry.multiapps.controller.persistence.services.ProcessLogger########flowable-async-job-executor-thread-6292###
[StartContentDeployStep] Deploying content module "Employees-app-content" in target service "Employees-repo-host"...#

#2.0#2022 01 20 01:08:12.489#Z#DEBUG#com.sap.cloud.lm.sl.xs2.65199e90-798d-11ec-a614-eeee0a9c7ed6.OPERATION.startContentDeployTask#
######org.cloudfoundry.multiapps.controller.persistence.services.ProcessLogger########flowable-async-job-executor-thread-6292###
Step "Start Content Deploy" finished#

#2.0#2022 01 20 01:08:19.658#Z#DEBUG#com.sap.cloud.lm.sl.xs2.65199e90-798d-11ec-a614-eeee0a9c7ed6.OPERATION.startContentDeployTask#
######org.cloudfoundry.multiapps.controller.persistence.services.ProcessLogger########flowable-async-job-executor-thread-7954###
[StartContentDeployStep] Executing task "startContentDeployTask" of process "6fa77dfa-798d-11ec-a614-eeee0a9c7ed6"...#

#2.0#2022 01 20 01:08:19.659#Z#DEBUG#com.sap.cloud.lm.sl.xs2.65199e90-798d-11ec-a614-eeee0a9c7ed6.OPERATION.startContentDeployTask#
######org.cloudfoundry.multiapps.controller.persistence.services.ProcessLogger########flowable-async-job-executor-thread-7954###
[StartContentDeployStep] Checking status of module content deployment "Employees-app-content" in service "Employees-repo-host"...#

#2.0#2022 01 20 01:08:20.161#Z#DEBUG#com.sap.cloud.lm.sl.xs2.65199e90-798d-11ec-a614-eeee0a9c7ed6.OPERATION.startContentDeployTask#
######org.cloudfoundry.multiapps.controller.persistence.services.ProcessLogger########flowable-async-job-executor-thread-7954###
[StartContentDeployStep] Deleting content deployment resource "82d1f7b1-371c-4e2e-bac8-e0ab27107ccd"...#

#2.0#2022 01 20 01:08:20.186#Z#DEBUG#com.sap.cloud.lm.sl.xs2.65199e90-798d-11ec-a614-eeee0a9c7ed6.OPERATION.startContentDeployTask#
######org.cloudfoundry.multiapps.controller.persistence.services.ProcessLogger########flowable-async-job-executor-thread-7954###
Step "Start Content Deploy" finished#

#2.0#2022 01 20 01:08:20.280#Z#DEBUG#com.sap.cloud.lm.sl.xs2.65199e90-798d-11ec-a614-eeee0a9c7ed6.OPERATION.createSubscriptionsTask#
######org.cloudfoundry.multiapps.controller.persistence.services.ProcessLogger########flowable-async-job-executor-thread-7955###
[CreateSubscriptionsStep] Executing task "createSubscriptionsTask" of process "75025749-798d-11ec-8be2-eeee0a845981"...#

#2.0#2022 01 20 01:08:20.281#Z#DEBUG#com.sap.cloud.lm.sl.xs2.65199e90-798d-11ec-a614-eeee0a9c7ed6.OPERATION.createSubscriptionsTask#
######org.cloudfoundry.multiapps.controller.persistence.services.ProcessLogger########flowable-async-job-executor-thread-7955###
[CreateSubscriptionsStep] Creating subscriptions...#

#2.0#2022 01 20 01:08:20.281#Z#DEBUG#com.sap.cloud.lm.sl.xs2.65199e90-798d-11ec-a614-eeee0a9c7ed6.OPERATION.createSubscriptionsTask#
######org.cloudfoundry.multiapps.controller.persistence.services.ProcessLogger########flowable-async-job-executor-thread-7955###
[CreateSubscriptionsStep] Subscriptions created#

#2.0#2022 01 20 01:08:20.282#Z#DEBUG#com.sap.cloud.lm.sl.xs2.65199e90-798d-11ec-a614-eeee0a9c7ed6.OPERATION.createSubscriptionsTask#
######org.cloudfoundry.multiapps.controller.persistence.services.ProcessLogger########flowable-async-job-executor-thread-7955###
Step "Create Subscriptions" finished#

#2.0#2022 01 20 01:08:20.306#Z#DEBUG#com.sap.cloud.lm.sl.xs2.65199e90-798d-11ec-a614-eeee0a9c7ed6.OPERATION.deleteSubscriptionsTask#
######org.cloudfoundry.multiapps.controller.persistence.services.ProcessLogger########flowable-async-job-executor-thread-7956###
[DeleteSubscriptionsStep] Executing task "deleteSubscriptionsTask" of process "75025749-798d-11ec-8be2-eeee0a845981"...#

#2.0#2022 01 20 01:08:20.307#Z#DEBUG#com.sap.cloud.lm.sl.xs2.65199e90-798d-11ec-a614-eeee0a9c7ed6.OPERATION.deleteSubscriptionsTask#
######org.cloudfoundry.multiapps.controller.persistence.services.ProcessLogger########flowable-async-job-executor-thread-7956###
[DeleteSubscriptionsStep] Deleting discontinued subscriptions...#

#2.0#2022 01 20 01:08:20.307#Z#DEBUG#com.sap.cloud.lm.sl.xs2.65199e90-798d-11ec-a614-eeee0a9c7ed6.OPERATION.deleteSubscriptionsTask#
######org.cloudfoundry.multiapps.controller.persistence.services.ProcessLogger########flowable-async-job-executor-thread-7956###
[DeleteSubscriptionsStep] Subscriptions to delete: [ ]#

#2.0#2022 01 20 01:08:20.307#Z#DEBUG#com.sap.cloud.lm.sl.xs2.65199e90-798d-11ec-a614-eeee0a9c7ed6.OPERATION.deleteSubscriptionsTask#
######org.cloudfoundry.multiapps.controller.persistence.services.ProcessLogger########flowable-async-job-executor-thread-7956###
[DeleteSubscriptionsStep] Deleted discontinued subscriptions#

#2.0#2022 01 20 01:08:20.308#Z#DEBUG#com.sap.cloud.lm.sl.xs2.65199e90-798d-11ec-a614-eeee0a9c7ed6.OPERATION.deleteSubscriptionsTask#
######org.cloudfoundry.multiapps.controller.persistence.services.ProcessLogger########flowable-async-job-executor-thread-7956###
Step "Delete Subscriptions" finished#

#2.0#2022 01 20 01:08:20.332#Z#DEBUG#com.sap.cloud.lm.sl.xs2.65199e90-798d-11ec-a614-eeee0a9c7ed6.OPERATION.deleteDiscontinuedConfigurationEntriesTask#
######org.cloudfoundry.multiapps.controller.persistence.services.ProcessLogger########flowable-async-job-executor-thread-7957###
[DeleteDiscontinuedConfigurationEntriesStep] Executing task "deleteDiscontinuedConfigurationEntriesTask" of process "75025749-798d-11ec-8be2-eeee0a845981"...#

#2.0#2022 01 20 01:08:20.332#Z#DEBUG#com.sap.cloud.lm.sl.xs2.65199e90-798d-11ec-a614-eeee0a9c7ed6.OPERATION.deleteDiscontinuedConfigurationEntriesTask#
######org.cloudfoundry.multiapps.controller.persistence.services.ProcessLogger########flowable-async-job-executor-thread-7957###
[DeleteDiscontinuedConfigurationEntriesStep] Deleting discontinued published dependencies...#

#2.0#2022 01 20 01:08:20.410#Z#DEBUG#com.sap.cloud.lm.sl.xs2.65199e90-798d-11ec-a614-eeee0a9c7ed6.OPERATION.deleteDiscontinuedConfigurationEntriesTask#
######org.cloudfoundry.multiapps.controller.persistence.services.ProcessLogger########flowable-async-job-executor-thread-7957###
[DeleteDiscontinuedConfigurationEntriesStep] Deleted entries: [ ]#

#2.0#2022 01 20 01:08:20.410#Z#DEBUG#com.sap.cloud.lm.sl.xs2.65199e90-798d-11ec-a614-eeee0a9c7ed6.OPERATION.deleteDiscontinuedConfigurationEntriesTask#
######org.cloudfoundry.multiapps.controller.persistence.services.ProcessLogger########flowable-async-job-executor-thread-7957###
[DeleteDiscontinuedConfigurationEntriesStep] Discontinued published dependencies deleted#

#2.0#2022 01 20 01:08:20.411#Z#DEBUG#com.sap.cloud.lm.sl.xs2.65199e90-798d-11ec-a614-eeee0a9c7ed6.OPERATION.deleteDiscontinuedConfigurationEntriesTask#
######org.cloudfoundry.multiapps.controller.persistence.services.ProcessLogger########flowable-async-job-executor-thread-7957###
Step "Delete Discontinued Configuration Entries" finished#

#2.0#2022 01 20 01:08:20.448#Z#DEBUG#com.sap.cloud.lm.sl.xs2.65199e90-798d-11ec-a614-eeee0a9c7ed6.OPERATION.detachServicesFromMtaTask#
######org.cloudfoundry.multiapps.controller.persistence.services.ProcessLogger########flowable-async-job-executor-thread-7958###
[DetachServicesFromMtaStep] Executing task "detachServicesFromMtaTask" of process "7521ed4e-798d-11ec-8be2-eeee0a845981"...#

#2.0#2022 01 20 01:08:20.448#Z#DEBUG#com.sap.cloud.lm.sl.xs2.65199e90-798d-11ec-a614-eeee0a9c7ed6.OPERATION.detachServicesFromMtaTask#
######org.cloudfoundry.multiapps.controller.persistence.services.ProcessLogger########flowable-async-job-executor-thread-7958###
[DetachServicesFromMtaStep] Detaching services from MTA...#

#2.0#2022 01 20 01:08:20.549#Z#DEBUG#com.sap.cloud.lm.sl.xs2.65199e90-798d-11ec-a614-eeee0a9c7ed6.OPERATION.detachServicesFromMtaTask#
######org.cloudfoundry.multiapps.controller.persistence.services.ProcessLogger########flowable-async-job-executor-thread-7958###
[DetachServicesFromMtaStep] Getting service instances without auxiliary content by names []...#

#2.0#2022 01 20 01:08:20.549#Z#DEBUG#com.sap.cloud.lm.sl.xs2.65199e90-798d-11ec-a614-eeee0a9c7ed6.OPERATION.detachServicesFromMtaTask#
######org.cloudfoundry.multiapps.controller.persistence.services.ProcessLogger########flowable-async-job-executor-thread-7958###
[DetachServicesFromMtaStep] Detached services from MTA#

#2.0#2022 01 20 01:08:20.550#Z#DEBUG#com.sap.cloud.lm.sl.xs2.65199e90-798d-11ec-a614-eeee0a9c7ed6.OPERATION.detachServicesFromMtaTask#
######org.cloudfoundry.multiapps.controller.persistence.services.ProcessLogger########flowable-async-job-executor-thread-7958###
Step "Detach Services from MTA" finished#

#2.0#2022 01 20 01:08:20.576#Z#DEBUG#com.sap.cloud.lm.sl.xs2.65199e90-798d-11ec-a614-eeee0a9c7ed6.OPERATION.updateSubscribersTask#
######org.cloudfoundry.multiapps.controller.persistence.services.ProcessLogger########flowable-async-job-executor-thread-7959###
[UpdateSubscribersStep] Executing task "updateSubscribersTask" of process "7521ed4e-798d-11ec-8be2-eeee0a845981"...#

#2.0#2022 01 20 01:08:20.577#Z#DEBUG#com.sap.cloud.lm.sl.xs2.65199e90-798d-11ec-a614-eeee0a9c7ed6.OPERATION.updateSubscribersTask#
######org.cloudfoundry.multiapps.controller.persistence.services.ProcessLogger########flowable-async-job-executor-thread-7959###
[UpdateSubscribersStep] Updating subscribers...#

#2.0#2022 01 20 01:08:20.665#Z#DEBUG#com.sap.cloud.lm.sl.xs2.65199e90-798d-11ec-a614-eeee0a9c7ed6.OPERATION.updateSubscribersTask#
######org.cloudfoundry.multiapps.controller.persistence.services.ProcessLogger########flowable-async-job-executor-thread-7959###
[UpdateSubscribersStep] Subscribers updated#

#2.0#2022 01 20 01:08:20.666#Z#DEBUG#com.sap.cloud.lm.sl.xs2.65199e90-798d-11ec-a614-eeee0a9c7ed6.OPERATION.updateSubscribersTask#
######org.cloudfoundry.multiapps.controller.persistence.services.ProcessLogger########flowable-async-job-executor-thread-7959###
Step "Update Subscribers" finished#

#2.0#2022 01 20 01:08:20.695#Z#DEBUG#com.sap.cloud.lm.sl.xs2.65199e90-798d-11ec-a614-eeee0a9c7ed6.OPERATION.restartSubscribersTask#
######org.cloudfoundry.multiapps.controller.persistence.services.ProcessLogger########flowable-async-job-executor-thread-7960###
[RestartSubscribersStep] Executing task "restartSubscribersTask" of process "7521ed4e-798d-11ec-8be2-eeee0a845981"...#

#2.0#2022 01 20 01:08:20.696#Z#DEBUG#com.sap.cloud.lm.sl.xs2.65199e90-798d-11ec-a614-eeee0a9c7ed6.OPERATION.restartSubscribersTask#
######org.cloudfoundry.multiapps.controller.persistence.services.ProcessLogger########flowable-async-job-executor-thread-7960###
Step "Restart Subscribers" finished#

#2.0#2022 01 20 01:08:20.720#Z#DEBUG#com.sap.cloud.lm.sl.xs2.65199e90-798d-11ec-a614-eeee0a9c7ed6.OPERATION.prepareToRestartServiceBrokerSubscribersTask#
######org.cloudfoundry.multiapps.controller.persistence.services.ProcessLogger########flowable-async-job-executor-thread-7961###
[PrepareToRestartServiceBrokerSubscribersStep] Executing task "prepareToRestartServiceBrokerSubscribersTask" of process "7521ed4e-798d-11ec-8be2-eeee0a845981"...#

#2.0#2022 01 20 01:08:20.722#Z#DEBUG#com.sap.cloud.lm.sl.xs2.65199e90-798d-11ec-a614-eeee0a9c7ed6.OPERATION.prepareToRestartServiceBrokerSubscribersTask#
######org.cloudfoundry.multiapps.controller.persistence.services.ProcessLogger########flowable-async-job-executor-thread-7961###
Step "Prepare To Restart Service Brokers Subscribers" finished#

